{"/home/jim/dev/npmap5-plugins/markdown-handlebars/src/lintHelper.ts": {"path":"/home/jim/dev/npmap5-plugins/markdown-handlebars/src/lintHelper.ts","all":false,"statementMap":{"0":{"start":{"line":1,"column":0},"end":{"line":1,"column":39}},"1":{"start":{"line":2,"column":0},"end":{"line":2,"column":35}},"2":{"start":{"line":3,"column":0},"end":{"line":3,"column":53}},"3":{"start":{"line":4,"column":0},"end":{"line":4,"column":0}},"4":{"start":{"line":5,"column":0},"end":{"line":5,"column":32}},"5":{"start":{"line":6,"column":0},"end":{"line":6,"column":20}},"6":{"start":{"line":7,"column":0},"end":{"line":7,"column":23}},"7":{"start":{"line":8,"column":0},"end":{"line":8,"column":21}},"8":{"start":{"line":9,"column":0},"end":{"line":9,"column":20}},"9":{"start":{"line":10,"column":0},"end":{"line":10,"column":24}},"10":{"start":{"line":11,"column":0},"end":{"line":11,"column":18}},"11":{"start":{"line":12,"column":0},"end":{"line":12,"column":23}},"12":{"start":{"line":13,"column":0},"end":{"line":13,"column":18}},"13":{"start":{"line":14,"column":0},"end":{"line":14,"column":1}},"14":{"start":{"line":15,"column":0},"end":{"line":15,"column":0}},"15":{"start":{"line":16,"column":0},"end":{"line":16,"column":28}},"16":{"start":{"line":17,"column":0},"end":{"line":17,"column":19}},"17":{"start":{"line":18,"column":0},"end":{"line":18,"column":60}},"18":{"start":{"line":19,"column":0},"end":{"line":19,"column":1}},"19":{"start":{"line":20,"column":0},"end":{"line":20,"column":0}},"20":{"start":{"line":21,"column":0},"end":{"line":21,"column":33}},"21":{"start":{"line":22,"column":0},"end":{"line":22,"column":28}},"22":{"start":{"line":23,"column":0},"end":{"line":23,"column":42}},"23":{"start":{"line":24,"column":0},"end":{"line":24,"column":23}},"24":{"start":{"line":25,"column":0},"end":{"line":25,"column":5}},"25":{"start":{"line":26,"column":0},"end":{"line":26,"column":0}},"26":{"start":{"line":27,"column":0},"end":{"line":27,"column":7}},"27":{"start":{"line":28,"column":0},"end":{"line":28,"column":87}},"28":{"start":{"line":29,"column":0},"end":{"line":29,"column":51}},"29":{"start":{"line":30,"column":0},"end":{"line":30,"column":70}},"30":{"start":{"line":31,"column":0},"end":{"line":31,"column":82}},"31":{"start":{"line":32,"column":0},"end":{"line":32,"column":7}},"32":{"start":{"line":33,"column":0},"end":{"line":33,"column":58}},"33":{"start":{"line":34,"column":0},"end":{"line":34,"column":97}},"34":{"start":{"line":35,"column":0},"end":{"line":35,"column":36}},"35":{"start":{"line":36,"column":0},"end":{"line":36,"column":0}},"36":{"start":{"line":37,"column":0},"end":{"line":37,"column":97}},"37":{"start":{"line":38,"column":0},"end":{"line":38,"column":55}},"38":{"start":{"line":39,"column":0},"end":{"line":39,"column":20}},"39":{"start":{"line":40,"column":0},"end":{"line":40,"column":65}},"40":{"start":{"line":41,"column":0},"end":{"line":41,"column":129}},"41":{"start":{"line":42,"column":0},"end":{"line":42,"column":14}},"42":{"start":{"line":43,"column":0},"end":{"line":43,"column":34}},"43":{"start":{"line":44,"column":0},"end":{"line":44,"column":68}},"44":{"start":{"line":45,"column":0},"end":{"line":45,"column":73}},"45":{"start":{"line":46,"column":0},"end":{"line":46,"column":76}},"46":{"start":{"line":47,"column":0},"end":{"line":47,"column":72}},"47":{"start":{"line":48,"column":0},"end":{"line":48,"column":58}},"48":{"start":{"line":49,"column":0},"end":{"line":49,"column":0}},"49":{"start":{"line":50,"column":0},"end":{"line":50,"column":45}},"50":{"start":{"line":51,"column":0},"end":{"line":51,"column":52}},"51":{"start":{"line":52,"column":0},"end":{"line":52,"column":45}},"52":{"start":{"line":53,"column":0},"end":{"line":53,"column":51}},"53":{"start":{"line":54,"column":0},"end":{"line":54,"column":100}},"54":{"start":{"line":55,"column":0},"end":{"line":55,"column":22}},"55":{"start":{"line":56,"column":0},"end":{"line":56,"column":0}},"56":{"start":{"line":57,"column":0},"end":{"line":57,"column":44}},"57":{"start":{"line":58,"column":0},"end":{"line":58,"column":57}},"58":{"start":{"line":59,"column":0},"end":{"line":59,"column":92}},"59":{"start":{"line":60,"column":0},"end":{"line":60,"column":88}},"60":{"start":{"line":61,"column":0},"end":{"line":61,"column":0}},"61":{"start":{"line":62,"column":0},"end":{"line":62,"column":32}},"62":{"start":{"line":63,"column":0},"end":{"line":63,"column":47}},"63":{"start":{"line":64,"column":0},"end":{"line":64,"column":45}},"64":{"start":{"line":65,"column":0},"end":{"line":65,"column":49}},"65":{"start":{"line":66,"column":0},"end":{"line":66,"column":46}},"66":{"start":{"line":67,"column":0},"end":{"line":67,"column":50}},"67":{"start":{"line":68,"column":0},"end":{"line":68,"column":26}},"68":{"start":{"line":69,"column":0},"end":{"line":69,"column":28}},"69":{"start":{"line":70,"column":0},"end":{"line":70,"column":46}},"70":{"start":{"line":71,"column":0},"end":{"line":71,"column":21}},"71":{"start":{"line":72,"column":0},"end":{"line":72,"column":0}},"72":{"start":{"line":73,"column":0},"end":{"line":73,"column":17}},"73":{"start":{"line":74,"column":0},"end":{"line":74,"column":14}},"74":{"start":{"line":75,"column":0},"end":{"line":75,"column":31}},"75":{"start":{"line":76,"column":0},"end":{"line":76,"column":52}},"76":{"start":{"line":77,"column":0},"end":{"line":77,"column":73}},"77":{"start":{"line":78,"column":0},"end":{"line":78,"column":48}},"78":{"start":{"line":79,"column":0},"end":{"line":79,"column":70}},"79":{"start":{"line":80,"column":0},"end":{"line":80,"column":0}},"80":{"start":{"line":81,"column":0},"end":{"line":81,"column":38}},"81":{"start":{"line":82,"column":0},"end":{"line":82,"column":90}},"82":{"start":{"line":83,"column":0},"end":{"line":83,"column":86}},"83":{"start":{"line":84,"column":0},"end":{"line":84,"column":0}},"84":{"start":{"line":85,"column":0},"end":{"line":85,"column":32}},"85":{"start":{"line":86,"column":0},"end":{"line":86,"column":45}},"86":{"start":{"line":87,"column":0},"end":{"line":87,"column":49}},"87":{"start":{"line":88,"column":0},"end":{"line":88,"column":46}},"88":{"start":{"line":89,"column":0},"end":{"line":89,"column":50}},"89":{"start":{"line":90,"column":0},"end":{"line":90,"column":85}},"90":{"start":{"line":91,"column":0},"end":{"line":91,"column":48}},"91":{"start":{"line":92,"column":0},"end":{"line":92,"column":26}},"92":{"start":{"line":93,"column":0},"end":{"line":93,"column":28}},"93":{"start":{"line":94,"column":0},"end":{"line":94,"column":32}},"94":{"start":{"line":95,"column":0},"end":{"line":95,"column":85}},"95":{"start":{"line":96,"column":0},"end":{"line":96,"column":48}},"96":{"start":{"line":97,"column":0},"end":{"line":97,"column":25}},"97":{"start":{"line":98,"column":0},"end":{"line":98,"column":21}},"98":{"start":{"line":99,"column":0},"end":{"line":99,"column":18}},"99":{"start":{"line":100,"column":0},"end":{"line":100,"column":14}},"100":{"start":{"line":101,"column":0},"end":{"line":101,"column":21}},"101":{"start":{"line":102,"column":0},"end":{"line":102,"column":111}},"102":{"start":{"line":103,"column":0},"end":{"line":103,"column":74}},"103":{"start":{"line":104,"column":0},"end":{"line":104,"column":45}},"104":{"start":{"line":105,"column":0},"end":{"line":105,"column":48}},"105":{"start":{"line":106,"column":0},"end":{"line":106,"column":46}},"106":{"start":{"line":107,"column":0},"end":{"line":107,"column":41}},"107":{"start":{"line":108,"column":0},"end":{"line":108,"column":43}},"108":{"start":{"line":109,"column":0},"end":{"line":109,"column":40}},"109":{"start":{"line":110,"column":0},"end":{"line":110,"column":19}},"110":{"start":{"line":111,"column":0},"end":{"line":111,"column":14}},"111":{"start":{"line":112,"column":0},"end":{"line":112,"column":23}},"112":{"start":{"line":113,"column":0},"end":{"line":113,"column":54}},"113":{"start":{"line":114,"column":0},"end":{"line":114,"column":73}},"114":{"start":{"line":115,"column":0},"end":{"line":115,"column":62}},"115":{"start":{"line":116,"column":0},"end":{"line":116,"column":91}},"116":{"start":{"line":117,"column":0},"end":{"line":117,"column":63}},"117":{"start":{"line":118,"column":0},"end":{"line":118,"column":0}},"118":{"start":{"line":119,"column":0},"end":{"line":119,"column":44}},"119":{"start":{"line":120,"column":0},"end":{"line":120,"column":57}},"120":{"start":{"line":121,"column":0},"end":{"line":121,"column":97}},"121":{"start":{"line":122,"column":0},"end":{"line":122,"column":93}},"122":{"start":{"line":123,"column":0},"end":{"line":123,"column":0}},"123":{"start":{"line":124,"column":0},"end":{"line":124,"column":32}},"124":{"start":{"line":125,"column":0},"end":{"line":125,"column":45}},"125":{"start":{"line":126,"column":0},"end":{"line":126,"column":49}},"126":{"start":{"line":127,"column":0},"end":{"line":127,"column":46}},"127":{"start":{"line":128,"column":0},"end":{"line":128,"column":50}},"128":{"start":{"line":129,"column":0},"end":{"line":129,"column":48}},"129":{"start":{"line":130,"column":0},"end":{"line":130,"column":48}},"130":{"start":{"line":131,"column":0},"end":{"line":131,"column":26}},"131":{"start":{"line":132,"column":0},"end":{"line":132,"column":28}},"132":{"start":{"line":133,"column":0},"end":{"line":133,"column":32}},"133":{"start":{"line":134,"column":0},"end":{"line":134,"column":75}},"134":{"start":{"line":135,"column":0},"end":{"line":135,"column":48}},"135":{"start":{"line":136,"column":0},"end":{"line":136,"column":25}},"136":{"start":{"line":137,"column":0},"end":{"line":137,"column":21}},"137":{"start":{"line":138,"column":0},"end":{"line":138,"column":18}},"138":{"start":{"line":139,"column":0},"end":{"line":139,"column":13}},"139":{"start":{"line":140,"column":0},"end":{"line":140,"column":10}},"140":{"start":{"line":141,"column":0},"end":{"line":141,"column":0}},"141":{"start":{"line":142,"column":0},"end":{"line":142,"column":63}},"142":{"start":{"line":143,"column":0},"end":{"line":143,"column":73}},"143":{"start":{"line":144,"column":0},"end":{"line":144,"column":22}},"144":{"start":{"line":145,"column":0},"end":{"line":145,"column":32}},"145":{"start":{"line":146,"column":0},"end":{"line":146,"column":34}},"146":{"start":{"line":147,"column":0},"end":{"line":147,"column":28}},"147":{"start":{"line":148,"column":0},"end":{"line":148,"column":20}},"148":{"start":{"line":149,"column":0},"end":{"line":149,"column":28}},"149":{"start":{"line":150,"column":0},"end":{"line":150,"column":31}},"150":{"start":{"line":151,"column":0},"end":{"line":151,"column":33}},"151":{"start":{"line":152,"column":0},"end":{"line":152,"column":10}},"152":{"start":{"line":153,"column":0},"end":{"line":153,"column":0}},"153":{"start":{"line":154,"column":0},"end":{"line":154,"column":58}},"154":{"start":{"line":155,"column":0},"end":{"line":155,"column":83}},"155":{"start":{"line":156,"column":0},"end":{"line":156,"column":48}},"156":{"start":{"line":157,"column":0},"end":{"line":157,"column":24}},"157":{"start":{"line":158,"column":0},"end":{"line":158,"column":54}},"158":{"start":{"line":159,"column":0},"end":{"line":159,"column":22}},"159":{"start":{"line":160,"column":0},"end":{"line":160,"column":13}},"160":{"start":{"line":161,"column":0},"end":{"line":161,"column":9}},"161":{"start":{"line":162,"column":0},"end":{"line":162,"column":0}},"162":{"start":{"line":163,"column":0},"end":{"line":163,"column":57}},"163":{"start":{"line":164,"column":0},"end":{"line":164,"column":31}},"164":{"start":{"line":165,"column":0},"end":{"line":165,"column":72}},"165":{"start":{"line":166,"column":0},"end":{"line":166,"column":80}},"166":{"start":{"line":167,"column":0},"end":{"line":167,"column":74}},"167":{"start":{"line":168,"column":0},"end":{"line":168,"column":57}},"168":{"start":{"line":169,"column":0},"end":{"line":169,"column":66}},"169":{"start":{"line":170,"column":0},"end":{"line":170,"column":45}},"170":{"start":{"line":171,"column":0},"end":{"line":171,"column":38}},"171":{"start":{"line":172,"column":0},"end":{"line":172,"column":10}},"172":{"start":{"line":173,"column":0},"end":{"line":173,"column":100}},"173":{"start":{"line":174,"column":0},"end":{"line":174,"column":109}},"174":{"start":{"line":175,"column":0},"end":{"line":175,"column":0}},"175":{"start":{"line":176,"column":0},"end":{"line":176,"column":16}},"176":{"start":{"line":177,"column":0},"end":{"line":177,"column":240}},"177":{"start":{"line":178,"column":0},"end":{"line":178,"column":29}},"178":{"start":{"line":179,"column":0},"end":{"line":179,"column":10}},"179":{"start":{"line":180,"column":0},"end":{"line":180,"column":5}},"180":{"start":{"line":181,"column":0},"end":{"line":181,"column":0}},"181":{"start":{"line":182,"column":0},"end":{"line":182,"column":0}},"182":{"start":{"line":183,"column":0},"end":{"line":183,"column":7}},"183":{"start":{"line":184,"column":0},"end":{"line":184,"column":75}},"184":{"start":{"line":185,"column":0},"end":{"line":185,"column":118}},"185":{"start":{"line":186,"column":0},"end":{"line":186,"column":99}},"186":{"start":{"line":187,"column":0},"end":{"line":187,"column":7}},"187":{"start":{"line":188,"column":0},"end":{"line":188,"column":64}},"188":{"start":{"line":189,"column":0},"end":{"line":189,"column":54}},"189":{"start":{"line":190,"column":0},"end":{"line":190,"column":93}},"190":{"start":{"line":191,"column":0},"end":{"line":191,"column":17}},"191":{"start":{"line":192,"column":0},"end":{"line":192,"column":112}},"192":{"start":{"line":193,"column":0},"end":{"line":193,"column":25}},"193":{"start":{"line":194,"column":0},"end":{"line":194,"column":25}},"194":{"start":{"line":195,"column":0},"end":{"line":195,"column":13}},"195":{"start":{"line":196,"column":0},"end":{"line":196,"column":9}},"196":{"start":{"line":197,"column":0},"end":{"line":197,"column":25}},"197":{"start":{"line":198,"column":0},"end":{"line":198,"column":5}},"198":{"start":{"line":199,"column":0},"end":{"line":199,"column":0}},"199":{"start":{"line":200,"column":0},"end":{"line":200,"column":7}},"200":{"start":{"line":201,"column":0},"end":{"line":201,"column":86}},"201":{"start":{"line":202,"column":0},"end":{"line":202,"column":43}},"202":{"start":{"line":203,"column":0},"end":{"line":203,"column":51}},"203":{"start":{"line":204,"column":0},"end":{"line":204,"column":65}},"204":{"start":{"line":205,"column":0},"end":{"line":205,"column":64}},"205":{"start":{"line":206,"column":0},"end":{"line":206,"column":7}},"206":{"start":{"line":207,"column":0},"end":{"line":207,"column":90}},"207":{"start":{"line":208,"column":0},"end":{"line":208,"column":62}},"208":{"start":{"line":209,"column":0},"end":{"line":209,"column":27}},"209":{"start":{"line":210,"column":0},"end":{"line":210,"column":0}},"210":{"start":{"line":211,"column":0},"end":{"line":211,"column":48}},"211":{"start":{"line":212,"column":0},"end":{"line":212,"column":34}},"212":{"start":{"line":213,"column":0},"end":{"line":213,"column":72}},"213":{"start":{"line":214,"column":0},"end":{"line":214,"column":65}},"214":{"start":{"line":215,"column":0},"end":{"line":215,"column":13}},"215":{"start":{"line":216,"column":0},"end":{"line":216,"column":38}},"216":{"start":{"line":217,"column":0},"end":{"line":217,"column":9}},"217":{"start":{"line":218,"column":0},"end":{"line":218,"column":0}},"218":{"start":{"line":219,"column":0},"end":{"line":219,"column":60}},"219":{"start":{"line":220,"column":0},"end":{"line":220,"column":5}},"220":{"start":{"line":221,"column":0},"end":{"line":221,"column":0}},"221":{"start":{"line":222,"column":0},"end":{"line":222,"column":7}},"222":{"start":{"line":223,"column":0},"end":{"line":223,"column":53}},"223":{"start":{"line":224,"column":0},"end":{"line":224,"column":65}},"224":{"start":{"line":225,"column":0},"end":{"line":225,"column":51}},"225":{"start":{"line":226,"column":0},"end":{"line":226,"column":7}},"226":{"start":{"line":227,"column":0},"end":{"line":227,"column":59}},"227":{"start":{"line":228,"column":0},"end":{"line":228,"column":47}},"228":{"start":{"line":229,"column":0},"end":{"line":229,"column":0}},"229":{"start":{"line":230,"column":0},"end":{"line":230,"column":36}},"230":{"start":{"line":231,"column":0},"end":{"line":231,"column":88}},"231":{"start":{"line":232,"column":0},"end":{"line":232,"column":39}},"232":{"start":{"line":233,"column":0},"end":{"line":233,"column":40}},"233":{"start":{"line":234,"column":0},"end":{"line":234,"column":99}},"234":{"start":{"line":235,"column":0},"end":{"line":235,"column":47}},"235":{"start":{"line":236,"column":0},"end":{"line":236,"column":41}},"236":{"start":{"line":237,"column":0},"end":{"line":237,"column":43}},"237":{"start":{"line":238,"column":0},"end":{"line":238,"column":16}},"238":{"start":{"line":239,"column":0},"end":{"line":239,"column":69}},"239":{"start":{"line":240,"column":0},"end":{"line":240,"column":31}},"240":{"start":{"line":241,"column":0},"end":{"line":241,"column":9}},"241":{"start":{"line":242,"column":0},"end":{"line":242,"column":0}},"242":{"start":{"line":243,"column":0},"end":{"line":243,"column":30}},"243":{"start":{"line":244,"column":0},"end":{"line":244,"column":5}},"244":{"start":{"line":245,"column":0},"end":{"line":245,"column":0}},"245":{"start":{"line":246,"column":0},"end":{"line":246,"column":1}}},"s":{"0":1,"1":1,"2":1,"3":1,"4":1,"5":1,"6":1,"7":1,"8":1,"9":1,"10":1,"11":1,"12":1,"13":1,"14":1,"15":1,"16":1,"17":1,"18":1,"19":1,"20":1,"21":1,"22":1,"23":1,"24":1,"25":1,"26":1,"27":1,"28":1,"29":1,"30":1,"31":1,"32":1,"33":5,"34":5,"35":5,"36":5,"37":5,"38":5,"39":5,"40":5,"41":5,"42":5,"43":5,"44":5,"45":0,"46":0,"47":0,"48":0,"49":0,"50":0,"51":0,"52":0,"53":0,"54":0,"55":0,"56":0,"57":0,"58":0,"59":0,"60":0,"61":0,"62":0,"63":0,"64":0,"65":0,"66":0,"67":0,"68":0,"69":0,"70":0,"71":0,"72":0,"73":5,"74":5,"75":5,"76":5,"77":1,"78":1,"79":1,"80":1,"81":1,"82":1,"83":1,"84":1,"85":1,"86":1,"87":1,"88":1,"89":1,"90":1,"91":1,"92":1,"93":0,"94":0,"95":0,"96":0,"97":0,"98":5,"99":5,"100":5,"101":5,"102":5,"103":2,"104":2,"105":2,"106":2,"107":2,"108":2,"109":5,"110":5,"111":5,"112":5,"113":5,"114":1,"115":1,"116":1,"117":1,"118":1,"119":0,"120":0,"121":0,"122":0,"123":0,"124":0,"125":0,"126":0,"127":0,"128":0,"129":0,"130":0,"131":1,"132":1,"133":1,"134":1,"135":1,"136":1,"137":5,"138":5,"139":5,"140":5,"141":5,"142":5,"143":5,"144":5,"145":5,"146":5,"147":5,"148":5,"149":5,"150":5,"151":5,"152":5,"153":5,"154":5,"155":17,"156":17,"157":5,"158":5,"159":5,"160":17,"161":5,"162":5,"163":5,"164":5,"165":5,"166":5,"167":5,"168":5,"169":5,"170":5,"171":5,"172":5,"173":5,"174":5,"175":5,"176":5,"177":5,"178":5,"179":5,"180":1,"181":1,"182":1,"183":1,"184":1,"185":1,"186":1,"187":1,"188":4,"189":6,"190":6,"191":6,"192":6,"193":1,"194":1,"195":6,"196":3,"197":3,"198":1,"199":1,"200":1,"201":1,"202":1,"203":1,"204":1,"205":1,"206":1,"207":6,"208":6,"209":6,"210":6,"211":13,"212":13,"213":6,"214":6,"215":7,"216":7,"217":0,"218":0,"219":0,"220":1,"221":1,"222":1,"223":1,"224":1,"225":1,"226":1,"227":2,"228":2,"229":2,"230":1,"231":1,"232":1,"233":1,"234":1,"235":1,"236":1,"237":1,"238":0,"239":0,"240":0,"241":2,"242":2,"243":2,"244":1,"245":1},"branchMap":{"0":{"type":"branch","line":23,"loc":{"start":{"line":23,"column":4},"end":{"line":25,"column":5}},"locations":[{"start":{"line":23,"column":4},"end":{"line":25,"column":5}}]},"1":{"type":"branch","line":33,"loc":{"start":{"line":33,"column":4},"end":{"line":180,"column":5}},"locations":[{"start":{"line":33,"column":4},"end":{"line":180,"column":5}}]},"2":{"type":"branch","line":155,"loc":{"start":{"line":155,"column":82},"end":{"line":161,"column":9}},"locations":[{"start":{"line":155,"column":82},"end":{"line":161,"column":9}}]},"3":{"type":"branch","line":157,"loc":{"start":{"line":157,"column":23},"end":{"line":160,"column":13}},"locations":[{"start":{"line":157,"column":23},"end":{"line":160,"column":13}}]},"4":{"type":"branch","line":165,"loc":{"start":{"line":165,"column":57},"end":{"line":165,"column":70}},"locations":[{"start":{"line":165,"column":57},"end":{"line":165,"column":70}}]},"5":{"type":"branch","line":166,"loc":{"start":{"line":166,"column":66},"end":{"line":166,"column":78}},"locations":[{"start":{"line":166,"column":66},"end":{"line":166,"column":78}}]},"6":{"type":"branch","line":167,"loc":{"start":{"line":167,"column":60},"end":{"line":167,"column":72}},"locations":[{"start":{"line":167,"column":60},"end":{"line":167,"column":72}}]},"7":{"type":"branch","line":168,"loc":{"start":{"line":168,"column":33},"end":{"line":168,"column":56}},"locations":[{"start":{"line":168,"column":33},"end":{"line":168,"column":56}}]},"8":{"type":"branch","line":169,"loc":{"start":{"line":169,"column":51},"end":{"line":169,"column":64}},"locations":[{"start":{"line":169,"column":51},"end":{"line":169,"column":64}}]},"9":{"type":"branch","line":170,"loc":{"start":{"line":170,"column":26},"end":{"line":170,"column":44}},"locations":[{"start":{"line":170,"column":26},"end":{"line":170,"column":44}}]},"10":{"type":"branch","line":177,"loc":{"start":{"line":177,"column":233},"end":{"line":177,"column":237}},"locations":[{"start":{"line":177,"column":233},"end":{"line":177,"column":237}}]},"11":{"type":"branch","line":41,"loc":{"start":{"line":41,"column":29},"end":{"line":41,"column":128}},"locations":[{"start":{"line":41,"column":29},"end":{"line":41,"column":128}}]},"12":{"type":"branch","line":41,"loc":{"start":{"line":41,"column":98},"end":{"line":41,"column":103}},"locations":[{"start":{"line":41,"column":98},"end":{"line":41,"column":103}}]},"13":{"type":"branch","line":77,"loc":{"start":{"line":77,"column":29},"end":{"line":99,"column":17}},"locations":[{"start":{"line":77,"column":29},"end":{"line":99,"column":17}}]},"14":{"type":"branch","line":93,"loc":{"start":{"line":93,"column":21},"end":{"line":98,"column":21}},"locations":[{"start":{"line":93,"column":21},"end":{"line":98,"column":21}}]},"15":{"type":"branch","line":103,"loc":{"start":{"line":103,"column":29},"end":{"line":110,"column":18}},"locations":[{"start":{"line":103,"column":29},"end":{"line":110,"column":18}}]},"16":{"type":"branch","line":114,"loc":{"start":{"line":114,"column":29},"end":{"line":138,"column":17}},"locations":[{"start":{"line":114,"column":29},"end":{"line":138,"column":17}}]},"17":{"type":"branch","line":119,"loc":{"start":{"line":119,"column":43},"end":{"line":132,"column":27}},"locations":[{"start":{"line":119,"column":43},"end":{"line":132,"column":27}}]},"18":{"type":"branch","line":188,"loc":{"start":{"line":188,"column":4},"end":{"line":198,"column":5}},"locations":[{"start":{"line":188,"column":4},"end":{"line":198,"column":5}}]},"19":{"type":"branch","line":189,"loc":{"start":{"line":189,"column":53},"end":{"line":196,"column":9}},"locations":[{"start":{"line":189,"column":53},"end":{"line":196,"column":9}}]},"20":{"type":"branch","line":193,"loc":{"start":{"line":193,"column":14},"end":{"line":195,"column":13}},"locations":[{"start":{"line":193,"column":14},"end":{"line":195,"column":13}}]},"21":{"type":"branch","line":197,"loc":{"start":{"line":197,"column":-1},"end":{"line":198,"column":5}},"locations":[{"start":{"line":197,"column":-1},"end":{"line":198,"column":5}}]},"22":{"type":"branch","line":207,"loc":{"start":{"line":207,"column":4},"end":{"line":220,"column":5}},"locations":[{"start":{"line":207,"column":4},"end":{"line":220,"column":5}}]},"23":{"type":"branch","line":211,"loc":{"start":{"line":211,"column":47},"end":{"line":217,"column":9}},"locations":[{"start":{"line":211,"column":47},"end":{"line":217,"column":9}}]},"24":{"type":"branch","line":213,"loc":{"start":{"line":213,"column":71},"end":{"line":215,"column":13}},"locations":[{"start":{"line":213,"column":71},"end":{"line":215,"column":13}}]},"25":{"type":"branch","line":216,"loc":{"start":{"line":216,"column":-1},"end":{"line":217,"column":9}},"locations":[{"start":{"line":216,"column":-1},"end":{"line":217,"column":9}}]},"26":{"type":"branch","line":218,"loc":{"start":{"line":218,"column":-1},"end":{"line":220,"column":5}},"locations":[{"start":{"line":218,"column":-1},"end":{"line":220,"column":5}}]},"27":{"type":"branch","line":227,"loc":{"start":{"line":227,"column":4},"end":{"line":244,"column":5}},"locations":[{"start":{"line":227,"column":4},"end":{"line":244,"column":5}}]},"28":{"type":"branch","line":230,"loc":{"start":{"line":230,"column":35},"end":{"line":241,"column":9}},"locations":[{"start":{"line":230,"column":35},"end":{"line":241,"column":9}}]},"29":{"type":"branch","line":238,"loc":{"start":{"line":238,"column":9},"end":{"line":241,"column":9}},"locations":[{"start":{"line":238,"column":9},"end":{"line":241,"column":9}}]}},"b":{"0":[1],"1":[5],"2":[17],"3":[5],"4":[2],"5":[2],"6":[2],"7":[0],"8":[1],"9":[0],"10":[0],"11":[1],"12":[0],"13":[1],"14":[0],"15":[2],"16":[1],"17":[0],"18":[4],"19":[6],"20":[1],"21":[3],"22":[6],"23":[13],"24":[6],"25":[7],"26":[0],"27":[2],"28":[1],"29":[0]},"fnMap":{"0":{"name":"LintHelper","decl":{"start":{"line":23,"column":4},"end":{"line":25,"column":5}},"loc":{"start":{"line":23,"column":4},"end":{"line":25,"column":5}},"line":23},"1":{"name":"parseErrorMessage","decl":{"start":{"line":33,"column":4},"end":{"line":180,"column":5}},"loc":{"start":{"line":33,"column":4},"end":{"line":180,"column":5}},"line":33},"2":{"name":"getPosition","decl":{"start":{"line":41,"column":29},"end":{"line":41,"column":128}},"loc":{"start":{"line":41,"column":29},"end":{"line":41,"column":128}},"line":41},"3":{"name":"getPosition","decl":{"start":{"line":45,"column":29},"end":{"line":73,"column":17}},"loc":{"start":{"line":45,"column":29},"end":{"line":73,"column":17}},"line":45},"4":{"name":"getPosition","decl":{"start":{"line":77,"column":29},"end":{"line":99,"column":17}},"loc":{"start":{"line":77,"column":29},"end":{"line":99,"column":17}},"line":77},"5":{"name":"getPosition","decl":{"start":{"line":103,"column":29},"end":{"line":110,"column":18}},"loc":{"start":{"line":103,"column":29},"end":{"line":110,"column":18}},"line":103},"6":{"name":"getPosition","decl":{"start":{"line":114,"column":29},"end":{"line":138,"column":17}},"loc":{"start":{"line":114,"column":29},"end":{"line":138,"column":17}},"line":114},"7":{"name":"findFailingExp","decl":{"start":{"line":188,"column":4},"end":{"line":198,"column":5}},"loc":{"start":{"line":188,"column":4},"end":{"line":198,"column":5}},"line":188},"8":{"name":"columnToLineCol","decl":{"start":{"line":207,"column":4},"end":{"line":220,"column":5}},"loc":{"start":{"line":207,"column":4},"end":{"line":220,"column":5}},"line":207},"9":{"name":"toException","decl":{"start":{"line":227,"column":4},"end":{"line":244,"column":5}},"loc":{"start":{"line":227,"column":4},"end":{"line":244,"column":5}},"line":227}},"f":{"0":1,"1":5,"2":1,"3":0,"4":1,"5":2,"6":1,"7":4,"8":6,"9":2}}
,"/home/jim/dev/npmap5-plugins/markdown-handlebars/src/handlebars/all.ts": {"path":"/home/jim/dev/npmap5-plugins/markdown-handlebars/src/handlebars/all.ts","all":false,"statementMap":{"0":{"start":{"line":1,"column":0},"end":{"line":1,"column":3}},"1":{"start":{"line":2,"column":0},"end":{"line":2,"column":81}},"2":{"start":{"line":3,"column":0},"end":{"line":3,"column":38}},"3":{"start":{"line":4,"column":0},"end":{"line":4,"column":82}},"4":{"start":{"line":5,"column":0},"end":{"line":5,"column":3}},"5":{"start":{"line":6,"column":0},"end":{"line":6,"column":53}},"6":{"start":{"line":7,"column":0},"end":{"line":7,"column":51}},"7":{"start":{"line":8,"column":0},"end":{"line":8,"column":15}},"8":{"start":{"line":9,"column":0},"end":{"line":9,"column":0}},"9":{"start":{"line":10,"column":0},"end":{"line":10,"column":40}},"10":{"start":{"line":11,"column":0},"end":{"line":11,"column":62}},"11":{"start":{"line":12,"column":0},"end":{"line":12,"column":1}}},"s":{"0":1,"1":1,"2":1,"3":1,"4":1,"5":5,"6":5,"7":5,"8":5,"9":5,"10":5,"11":5},"branchMap":{"0":{"type":"branch","line":6,"loc":{"start":{"line":6,"column":0},"end":{"line":12,"column":1}},"locations":[{"start":{"line":6,"column":0},"end":{"line":12,"column":1}}]},"1":{"type":"branch","line":11,"loc":{"start":{"line":11,"column":23},"end":{"line":11,"column":46}},"locations":[{"start":{"line":11,"column":23},"end":{"line":11,"column":46}}]},"2":{"type":"branch","line":11,"loc":{"start":{"line":11,"column":48},"end":{"line":11,"column":56}},"locations":[{"start":{"line":11,"column":48},"end":{"line":11,"column":56}}]},"3":{"type":"branch","line":11,"loc":{"start":{"line":11,"column":57},"end":{"line":11,"column":61}},"locations":[{"start":{"line":11,"column":57},"end":{"line":11,"column":61}}]}},"b":{"0":[5],"1":[4],"2":[1],"3":[4]},"fnMap":{"0":{"name":"all","decl":{"start":{"line":6,"column":0},"end":{"line":12,"column":1}},"loc":{"start":{"line":6,"column":0},"end":{"line":12,"column":1}},"line":6}},"f":{"0":5}}
,"/home/jim/dev/npmap5-plugins/markdown-handlebars/src/handlebars/any.ts": {"path":"/home/jim/dev/npmap5-plugins/markdown-handlebars/src/handlebars/any.ts","all":false,"statementMap":{"0":{"start":{"line":1,"column":0},"end":{"line":1,"column":47}},"1":{"start":{"line":2,"column":0},"end":{"line":2,"column":0}},"2":{"start":{"line":3,"column":0},"end":{"line":3,"column":3}},"3":{"start":{"line":4,"column":0},"end":{"line":4,"column":79}},"4":{"start":{"line":5,"column":0},"end":{"line":5,"column":41}},"5":{"start":{"line":6,"column":0},"end":{"line":6,"column":81}},"6":{"start":{"line":7,"column":0},"end":{"line":7,"column":3}},"7":{"start":{"line":8,"column":0},"end":{"line":8,"column":54}},"8":{"start":{"line":9,"column":0},"end":{"line":9,"column":59}},"9":{"start":{"line":10,"column":0},"end":{"line":10,"column":2}}},"s":{"0":1,"1":1,"2":1,"3":1,"4":1,"5":1,"6":1,"7":3,"8":3,"9":3},"branchMap":{"0":{"type":"branch","line":8,"loc":{"start":{"line":8,"column":0},"end":{"line":10,"column":2}},"locations":[{"start":{"line":8,"column":0},"end":{"line":10,"column":2}}]},"1":{"type":"branch","line":9,"loc":{"start":{"line":9,"column":21},"end":{"line":9,"column":57}},"locations":[{"start":{"line":9,"column":21},"end":{"line":9,"column":57}}]}},"b":{"0":[3],"1":[7]},"fnMap":{"0":{"name":"any","decl":{"start":{"line":8,"column":0},"end":{"line":10,"column":2}},"loc":{"start":{"line":8,"column":0},"end":{"line":10,"column":2}},"line":8}},"f":{"0":3}}
,"/home/jim/dev/npmap5-plugins/markdown-handlebars/src/handlebars/coalesce.ts": {"path":"/home/jim/dev/npmap5-plugins/markdown-handlebars/src/handlebars/coalesce.ts","all":false,"statementMap":{"0":{"start":{"line":1,"column":0},"end":{"line":1,"column":47}},"1":{"start":{"line":2,"column":0},"end":{"line":2,"column":0}},"2":{"start":{"line":3,"column":0},"end":{"line":3,"column":3}},"3":{"start":{"line":4,"column":0},"end":{"line":4,"column":92}},"4":{"start":{"line":5,"column":0},"end":{"line":5,"column":77}},"5":{"start":{"line":6,"column":0},"end":{"line":6,"column":74}},"6":{"start":{"line":7,"column":0},"end":{"line":7,"column":3}},"7":{"start":{"line":8,"column":0},"end":{"line":8,"column":60}},"8":{"start":{"line":9,"column":0},"end":{"line":9,"column":49}},"9":{"start":{"line":10,"column":0},"end":{"line":10,"column":33}},"10":{"start":{"line":11,"column":0},"end":{"line":11,"column":91}},"11":{"start":{"line":12,"column":0},"end":{"line":12,"column":66}},"12":{"start":{"line":13,"column":0},"end":{"line":13,"column":1}}},"s":{"0":1,"1":1,"2":1,"3":1,"4":1,"5":1,"6":1,"7":5,"8":5,"9":5,"10":5,"11":5,"12":5},"branchMap":{"0":{"type":"branch","line":8,"loc":{"start":{"line":8,"column":0},"end":{"line":13,"column":1}},"locations":[{"start":{"line":8,"column":0},"end":{"line":13,"column":1}}]},"1":{"type":"branch","line":12,"loc":{"start":{"line":12,"column":29},"end":{"line":12,"column":61}},"locations":[{"start":{"line":12,"column":29},"end":{"line":12,"column":61}}]},"2":{"type":"branch","line":12,"loc":{"start":{"line":12,"column":62},"end":{"line":12,"column":66}},"locations":[{"start":{"line":12,"column":62},"end":{"line":12,"column":66}}]},"3":{"type":"branch","line":11,"loc":{"start":{"line":11,"column":16},"end":{"line":11,"column":77}},"locations":[{"start":{"line":11,"column":16},"end":{"line":11,"column":77}}]},"4":{"type":"branch","line":11,"loc":{"start":{"line":11,"column":27},"end":{"line":11,"column":52}},"locations":[{"start":{"line":11,"column":27},"end":{"line":11,"column":52}}]},"5":{"type":"branch","line":11,"loc":{"start":{"line":11,"column":52},"end":{"line":11,"column":77}},"locations":[{"start":{"line":11,"column":52},"end":{"line":11,"column":77}}]}},"b":{"0":[5],"1":[4],"2":[1],"3":[18],"4":[7],"5":[7]},"fnMap":{"0":{"name":"coalesce","decl":{"start":{"line":8,"column":0},"end":{"line":13,"column":1}},"loc":{"start":{"line":8,"column":0},"end":{"line":13,"column":1}},"line":8}},"f":{"0":5}}
,"/home/jim/dev/npmap5-plugins/markdown-handlebars/src/handlebars/color.ts": {"path":"/home/jim/dev/npmap5-plugins/markdown-handlebars/src/handlebars/color.ts","all":false,"statementMap":{"0":{"start":{"line":1,"column":0},"end":{"line":1,"column":43}},"1":{"start":{"line":2,"column":0},"end":{"line":2,"column":0}},"2":{"start":{"line":3,"column":0},"end":{"line":3,"column":3}},"3":{"start":{"line":4,"column":0},"end":{"line":4,"column":83}},"4":{"start":{"line":5,"column":0},"end":{"line":5,"column":29}},"5":{"start":{"line":6,"column":0},"end":{"line":6,"column":57}},"6":{"start":{"line":7,"column":0},"end":{"line":7,"column":55}},"7":{"start":{"line":8,"column":0},"end":{"line":8,"column":65}},"8":{"start":{"line":9,"column":0},"end":{"line":9,"column":3}},"9":{"start":{"line":10,"column":0},"end":{"line":10,"column":30}},"10":{"start":{"line":11,"column":0},"end":{"line":11,"column":14}},"11":{"start":{"line":12,"column":0},"end":{"line":12,"column":18}},"12":{"start":{"line":13,"column":0},"end":{"line":13,"column":26}},"13":{"start":{"line":14,"column":0},"end":{"line":14,"column":11}},"14":{"start":{"line":15,"column":0},"end":{"line":15,"column":67}},"15":{"start":{"line":16,"column":0},"end":{"line":16,"column":48}},"16":{"start":{"line":17,"column":0},"end":{"line":17,"column":29}},"17":{"start":{"line":18,"column":0},"end":{"line":18,"column":0}},"18":{"start":{"line":19,"column":0},"end":{"line":19,"column":93}},"19":{"start":{"line":20,"column":0},"end":{"line":20,"column":56}},"20":{"start":{"line":21,"column":0},"end":{"line":21,"column":0}},"21":{"start":{"line":22,"column":0},"end":{"line":22,"column":50}},"22":{"start":{"line":23,"column":0},"end":{"line":23,"column":26}},"23":{"start":{"line":24,"column":0},"end":{"line":24,"column":1}}},"s":{"0":1,"1":1,"2":1,"3":1,"4":1,"5":1,"6":1,"7":1,"8":1,"9":2,"10":2,"11":2,"12":2,"13":2,"14":2,"15":2,"16":2,"17":2,"18":2,"19":2,"20":2,"21":2,"22":2,"23":2},"branchMap":{"0":{"type":"branch","line":10,"loc":{"start":{"line":10,"column":0},"end":{"line":24,"column":1}},"locations":[{"start":{"line":10,"column":0},"end":{"line":24,"column":1}}]},"1":{"type":"branch","line":20,"loc":{"start":{"line":20,"column":51},"end":{"line":20,"column":55}},"locations":[{"start":{"line":20,"column":51},"end":{"line":20,"column":55}}]}},"b":{"0":[2],"1":[0]},"fnMap":{"0":{"name":"color","decl":{"start":{"line":10,"column":0},"end":{"line":24,"column":1}},"loc":{"start":{"line":10,"column":0},"end":{"line":24,"column":1}},"line":10}},"f":{"0":2}}
,"/home/jim/dev/npmap5-plugins/markdown-handlebars/src/handlebars/datetime.ts": {"path":"/home/jim/dev/npmap5-plugins/markdown-handlebars/src/handlebars/datetime.ts","all":false,"statementMap":{"0":{"start":{"line":1,"column":0},"end":{"line":1,"column":47}},"1":{"start":{"line":2,"column":0},"end":{"line":2,"column":39}},"2":{"start":{"line":3,"column":0},"end":{"line":3,"column":0}},"3":{"start":{"line":4,"column":0},"end":{"line":4,"column":3}},"4":{"start":{"line":5,"column":0},"end":{"line":5,"column":63}},"5":{"start":{"line":6,"column":0},"end":{"line":6,"column":2}},"6":{"start":{"line":7,"column":0},"end":{"line":7,"column":49}},"7":{"start":{"line":8,"column":0},"end":{"line":8,"column":42}},"8":{"start":{"line":9,"column":0},"end":{"line":9,"column":72}},"9":{"start":{"line":10,"column":0},"end":{"line":10,"column":42}},"10":{"start":{"line":11,"column":0},"end":{"line":11,"column":3}},"11":{"start":{"line":12,"column":0},"end":{"line":12,"column":86}},"12":{"start":{"line":13,"column":0},"end":{"line":13,"column":67}},"13":{"start":{"line":14,"column":0},"end":{"line":14,"column":0}},"14":{"start":{"line":15,"column":0},"end":{"line":15,"column":30}},"15":{"start":{"line":16,"column":0},"end":{"line":16,"column":68}},"16":{"start":{"line":17,"column":0},"end":{"line":17,"column":0}},"17":{"start":{"line":18,"column":0},"end":{"line":18,"column":81}},"18":{"start":{"line":19,"column":0},"end":{"line":19,"column":84}},"19":{"start":{"line":20,"column":0},"end":{"line":20,"column":0}},"20":{"start":{"line":21,"column":0},"end":{"line":21,"column":79}},"21":{"start":{"line":22,"column":0},"end":{"line":22,"column":48}},"22":{"start":{"line":23,"column":0},"end":{"line":23,"column":1}}},"s":{"0":1,"1":1,"2":1,"3":1,"4":1,"5":1,"6":1,"7":1,"8":1,"9":1,"10":1,"11":2,"12":2,"13":2,"14":2,"15":2,"16":2,"17":2,"18":2,"19":2,"20":2,"21":2,"22":2},"branchMap":{"0":{"type":"branch","line":12,"loc":{"start":{"line":12,"column":0},"end":{"line":23,"column":1}},"locations":[{"start":{"line":12,"column":0},"end":{"line":23,"column":1}}]},"1":{"type":"branch","line":13,"loc":{"start":{"line":13,"column":57},"end":{"line":13,"column":67}},"locations":[{"start":{"line":13,"column":57},"end":{"line":13,"column":67}}]},"2":{"type":"branch","line":19,"loc":{"start":{"line":19,"column":66},"end":{"line":19,"column":70}},"locations":[{"start":{"line":19,"column":66},"end":{"line":19,"column":70}}]},"3":{"type":"branch","line":19,"loc":{"start":{"line":19,"column":71},"end":{"line":19,"column":82}},"locations":[{"start":{"line":19,"column":71},"end":{"line":19,"column":82}}]}},"b":{"0":[2],"1":[0],"2":[1],"3":[1]},"fnMap":{"0":{"name":"datetime","decl":{"start":{"line":12,"column":0},"end":{"line":23,"column":1}},"loc":{"start":{"line":12,"column":0},"end":{"line":23,"column":1}},"line":12}},"f":{"0":2}}
,"/home/jim/dev/npmap5-plugins/markdown-handlebars/src/handlebars/each.ts": {"path":"/home/jim/dev/npmap5-plugins/markdown-handlebars/src/handlebars/each.ts","all":false,"statementMap":{"0":{"start":{"line":1,"column":0},"end":{"line":1,"column":54}},"1":{"start":{"line":2,"column":0},"end":{"line":2,"column":47}},"2":{"start":{"line":3,"column":0},"end":{"line":3,"column":55}},"3":{"start":{"line":4,"column":0},"end":{"line":4,"column":0}},"4":{"start":{"line":5,"column":0},"end":{"line":5,"column":3}},"5":{"start":{"line":6,"column":0},"end":{"line":6,"column":74}},"6":{"start":{"line":7,"column":0},"end":{"line":7,"column":45}},"7":{"start":{"line":8,"column":0},"end":{"line":8,"column":58}},"8":{"start":{"line":9,"column":0},"end":{"line":9,"column":111}},"9":{"start":{"line":10,"column":0},"end":{"line":10,"column":108}},"10":{"start":{"line":11,"column":0},"end":{"line":11,"column":3}},"11":{"start":{"line":12,"column":0},"end":{"line":12,"column":25}},"12":{"start":{"line":13,"column":0},"end":{"line":13,"column":14}},"13":{"start":{"line":14,"column":0},"end":{"line":14,"column":13}},"14":{"start":{"line":15,"column":0},"end":{"line":15,"column":26}},"15":{"start":{"line":16,"column":0},"end":{"line":16,"column":11}},"16":{"start":{"line":17,"column":0},"end":{"line":17,"column":19}},"17":{"start":{"line":18,"column":0},"end":{"line":18,"column":59}},"18":{"start":{"line":19,"column":0},"end":{"line":19,"column":5}},"19":{"start":{"line":20,"column":0},"end":{"line":20,"column":0}},"20":{"start":{"line":21,"column":0},"end":{"line":21,"column":42}},"21":{"start":{"line":22,"column":0},"end":{"line":22,"column":0}},"22":{"start":{"line":23,"column":0},"end":{"line":23,"column":36}},"23":{"start":{"line":24,"column":0},"end":{"line":24,"column":0}},"24":{"start":{"line":25,"column":0},"end":{"line":25,"column":52}},"25":{"start":{"line":26,"column":0},"end":{"line":26,"column":36}},"26":{"start":{"line":27,"column":0},"end":{"line":27,"column":63}},"27":{"start":{"line":28,"column":0},"end":{"line":28,"column":41}},"28":{"start":{"line":29,"column":0},"end":{"line":29,"column":68}},"29":{"start":{"line":30,"column":0},"end":{"line":30,"column":13}},"30":{"start":{"line":31,"column":0},"end":{"line":31,"column":34}},"31":{"start":{"line":32,"column":0},"end":{"line":32,"column":21}},"32":{"start":{"line":33,"column":0},"end":{"line":33,"column":5}},"33":{"start":{"line":34,"column":0},"end":{"line":34,"column":0}},"34":{"start":{"line":35,"column":0},"end":{"line":35,"column":32}},"35":{"start":{"line":36,"column":0},"end":{"line":36,"column":54}},"36":{"start":{"line":37,"column":0},"end":{"line":37,"column":0}},"37":{"start":{"line":38,"column":0},"end":{"line":38,"column":44}},"38":{"start":{"line":39,"column":0},"end":{"line":39,"column":38}},"39":{"start":{"line":40,"column":0},"end":{"line":40,"column":50}},"40":{"start":{"line":41,"column":0},"end":{"line":41,"column":27}},"41":{"start":{"line":42,"column":0},"end":{"line":42,"column":77}},"42":{"start":{"line":43,"column":0},"end":{"line":43,"column":43}},"43":{"start":{"line":44,"column":0},"end":{"line":44,"column":28}},"44":{"start":{"line":45,"column":0},"end":{"line":45,"column":32}},"45":{"start":{"line":46,"column":0},"end":{"line":46,"column":34}},"46":{"start":{"line":47,"column":0},"end":{"line":47,"column":34}},"47":{"start":{"line":48,"column":0},"end":{"line":48,"column":47}},"48":{"start":{"line":49,"column":0},"end":{"line":49,"column":61}},"49":{"start":{"line":50,"column":0},"end":{"line":50,"column":26}},"50":{"start":{"line":51,"column":0},"end":{"line":51,"column":49}},"51":{"start":{"line":52,"column":0},"end":{"line":52,"column":22}},"52":{"start":{"line":53,"column":0},"end":{"line":53,"column":38}},"53":{"start":{"line":54,"column":0},"end":{"line":54,"column":44}},"54":{"start":{"line":55,"column":0},"end":{"line":55,"column":50}},"55":{"start":{"line":56,"column":0},"end":{"line":56,"column":23}},"56":{"start":{"line":57,"column":0},"end":{"line":57,"column":18}},"57":{"start":{"line":58,"column":0},"end":{"line":58,"column":13}},"58":{"start":{"line":59,"column":0},"end":{"line":59,"column":16}},"59":{"start":{"line":60,"column":0},"end":{"line":60,"column":63}},"60":{"start":{"line":61,"column":0},"end":{"line":61,"column":48}},"61":{"start":{"line":62,"column":0},"end":{"line":62,"column":9}},"62":{"start":{"line":63,"column":0},"end":{"line":63,"column":5}},"63":{"start":{"line":64,"column":0},"end":{"line":64,"column":0}},"64":{"start":{"line":65,"column":0},"end":{"line":65,"column":70}},"65":{"start":{"line":66,"column":0},"end":{"line":66,"column":1}}},"s":{"0":1,"1":1,"2":1,"3":1,"4":1,"5":1,"6":1,"7":1,"8":1,"9":1,"10":1,"11":5,"12":5,"13":5,"14":5,"15":5,"16":5,"17":1,"18":1,"19":4,"20":4,"21":4,"22":4,"23":4,"24":4,"25":5,"26":0,"27":5,"28":0,"29":0,"30":0,"31":0,"32":0,"33":4,"34":4,"35":4,"36":4,"37":5,"38":4,"39":4,"40":4,"41":4,"42":6,"43":6,"44":6,"45":6,"46":6,"47":6,"48":6,"49":6,"50":6,"51":6,"52":6,"53":6,"54":6,"55":6,"56":4,"57":4,"58":4,"59":0,"60":0,"61":0,"62":4,"63":4,"64":5,"65":5},"branchMap":{"0":{"type":"branch","line":12,"loc":{"start":{"line":12,"column":0},"end":{"line":66,"column":1}},"locations":[{"start":{"line":12,"column":0},"end":{"line":66,"column":1}}]},"1":{"type":"branch","line":17,"loc":{"start":{"line":17,"column":18},"end":{"line":19,"column":5}},"locations":[{"start":{"line":17,"column":18},"end":{"line":19,"column":5}}]},"2":{"type":"branch","line":20,"loc":{"start":{"line":20,"column":-1},"end":{"line":26,"column":35}},"locations":[{"start":{"line":20,"column":-1},"end":{"line":26,"column":35}}]},"3":{"type":"branch","line":26,"loc":{"start":{"line":26,"column":35},"end":{"line":28,"column":11}},"locations":[{"start":{"line":26,"column":35},"end":{"line":28,"column":11}}]},"4":{"type":"branch","line":28,"loc":{"start":{"line":28,"column":5},"end":{"line":38,"column":41}},"locations":[{"start":{"line":28,"column":5},"end":{"line":38,"column":41}}]},"5":{"type":"branch","line":28,"loc":{"start":{"line":28,"column":40},"end":{"line":33,"column":5}},"locations":[{"start":{"line":28,"column":40},"end":{"line":33,"column":5}}]},"6":{"type":"branch","line":38,"loc":{"start":{"line":38,"column":43},"end":{"line":65,"column":31}},"locations":[{"start":{"line":38,"column":43},"end":{"line":65,"column":31}}]},"7":{"type":"branch","line":59,"loc":{"start":{"line":59,"column":9},"end":{"line":62,"column":9}},"locations":[{"start":{"line":59,"column":9},"end":{"line":62,"column":9}}]},"8":{"type":"branch","line":65,"loc":{"start":{"line":65,"column":31},"end":{"line":65,"column":54}},"locations":[{"start":{"line":65,"column":31},"end":{"line":65,"column":54}}]},"9":{"type":"branch","line":65,"loc":{"start":{"line":65,"column":55},"end":{"line":65,"column":70}},"locations":[{"start":{"line":65,"column":55},"end":{"line":65,"column":70}}]},"10":{"type":"branch","line":42,"loc":{"start":{"line":42,"column":44},"end":{"line":57,"column":17}},"locations":[{"start":{"line":42,"column":44},"end":{"line":57,"column":17}}]},"11":{"type":"branch","line":51,"loc":{"start":{"line":51,"column":42},"end":{"line":51,"column":48}},"locations":[{"start":{"line":51,"column":42},"end":{"line":51,"column":48}}]}},"b":{"0":[5],"1":[1],"2":[4],"3":[0],"4":[4],"5":[0],"6":[4],"7":[0],"8":[2],"9":[2],"10":[6],"11":[0]},"fnMap":{"0":{"name":"default_1","decl":{"start":{"line":12,"column":0},"end":{"line":66,"column":1}},"loc":{"start":{"line":12,"column":0},"end":{"line":66,"column":1}},"line":12}},"f":{"0":5}}
,"/home/jim/dev/npmap5-plugins/markdown-handlebars/src/handlebars/feature.ts": {"path":"/home/jim/dev/npmap5-plugins/markdown-handlebars/src/handlebars/feature.ts","all":false,"statementMap":{"0":{"start":{"line":1,"column":0},"end":{"line":1,"column":55}},"1":{"start":{"line":2,"column":0},"end":{"line":2,"column":34}},"2":{"start":{"line":3,"column":0},"end":{"line":3,"column":0}},"3":{"start":{"line":4,"column":0},"end":{"line":4,"column":3}},"4":{"start":{"line":5,"column":0},"end":{"line":5,"column":104}},"5":{"start":{"line":6,"column":0},"end":{"line":6,"column":2}},"6":{"start":{"line":7,"column":0},"end":{"line":7,"column":11}},"7":{"start":{"line":8,"column":0},"end":{"line":8,"column":90}},"8":{"start":{"line":9,"column":0},"end":{"line":9,"column":76}},"9":{"start":{"line":10,"column":0},"end":{"line":10,"column":2}},"10":{"start":{"line":11,"column":0},"end":{"line":11,"column":11}},"11":{"start":{"line":12,"column":0},"end":{"line":12,"column":9}},"12":{"start":{"line":13,"column":0},"end":{"line":13,"column":28}},"13":{"start":{"line":14,"column":0},"end":{"line":14,"column":6}},"14":{"start":{"line":15,"column":0},"end":{"line":15,"column":2}},"15":{"start":{"line":16,"column":0},"end":{"line":16,"column":80}},"16":{"start":{"line":17,"column":0},"end":{"line":17,"column":99}},"17":{"start":{"line":18,"column":0},"end":{"line":18,"column":82}},"18":{"start":{"line":19,"column":0},"end":{"line":19,"column":3}},"19":{"start":{"line":20,"column":0},"end":{"line":20,"column":104}},"20":{"start":{"line":21,"column":0},"end":{"line":21,"column":70}},"21":{"start":{"line":22,"column":0},"end":{"line":22,"column":65}},"22":{"start":{"line":23,"column":0},"end":{"line":23,"column":1}}},"s":{"0":1,"1":1,"2":1,"3":1,"4":1,"5":1,"6":1,"7":1,"8":1,"9":1,"10":1,"11":1,"12":1,"13":1,"14":1,"15":1,"16":1,"17":1,"18":1,"19":1,"20":1,"21":1,"22":1},"branchMap":{"0":{"type":"branch","line":20,"loc":{"start":{"line":20,"column":0},"end":{"line":23,"column":1}},"locations":[{"start":{"line":20,"column":0},"end":{"line":23,"column":1}}]},"1":{"type":"branch","line":21,"loc":{"start":{"line":21,"column":37},"end":{"line":21,"column":39}},"locations":[{"start":{"line":21,"column":37},"end":{"line":21,"column":39}}]},"2":{"type":"branch","line":21,"loc":{"start":{"line":21,"column":46},"end":{"line":21,"column":52}},"locations":[{"start":{"line":21,"column":46},"end":{"line":21,"column":52}}]}},"b":{"0":[1],"1":[0],"2":[0]},"fnMap":{"0":{"name":"feature","decl":{"start":{"line":20,"column":0},"end":{"line":23,"column":1}},"loc":{"start":{"line":20,"column":0},"end":{"line":23,"column":1}},"line":20}},"f":{"0":1}}
,"/home/jim/dev/npmap5-plugins/markdown-handlebars/src/handlebars/hash.ts": {"path":"/home/jim/dev/npmap5-plugins/markdown-handlebars/src/handlebars/hash.ts","all":false,"statementMap":{"0":{"start":{"line":1,"column":0},"end":{"line":1,"column":43}},"1":{"start":{"line":2,"column":0},"end":{"line":2,"column":0}},"2":{"start":{"line":3,"column":0},"end":{"line":3,"column":3}},"3":{"start":{"line":4,"column":0},"end":{"line":4,"column":87}},"4":{"start":{"line":5,"column":0},"end":{"line":5,"column":2}},"5":{"start":{"line":6,"column":0},"end":{"line":6,"column":91}},"6":{"start":{"line":7,"column":0},"end":{"line":7,"column":85}},"7":{"start":{"line":8,"column":0},"end":{"line":8,"column":3}},"8":{"start":{"line":9,"column":0},"end":{"line":9,"column":82}},"9":{"start":{"line":10,"column":0},"end":{"line":10,"column":33}},"10":{"start":{"line":11,"column":0},"end":{"line":11,"column":45}},"11":{"start":{"line":12,"column":0},"end":{"line":12,"column":67}},"12":{"start":{"line":13,"column":0},"end":{"line":13,"column":61}},"13":{"start":{"line":14,"column":0},"end":{"line":14,"column":1}}},"s":{"0":1,"1":1,"2":1,"3":1,"4":1,"5":1,"6":1,"7":1,"8":4,"9":4,"10":4,"11":4,"12":4,"13":4},"branchMap":{"0":{"type":"branch","line":9,"loc":{"start":{"line":9,"column":0},"end":{"line":14,"column":1}},"locations":[{"start":{"line":9,"column":0},"end":{"line":14,"column":1}}]},"1":{"type":"branch","line":11,"loc":{"start":{"line":11,"column":38},"end":{"line":11,"column":44}},"locations":[{"start":{"line":11,"column":38},"end":{"line":11,"column":44}}]},"2":{"type":"branch","line":13,"loc":{"start":{"line":13,"column":16},"end":{"line":13,"column":56}},"locations":[{"start":{"line":13,"column":16},"end":{"line":13,"column":56}}]}},"b":{"0":[4],"1":[0],"2":[5]},"fnMap":{"0":{"name":"hash","decl":{"start":{"line":9,"column":0},"end":{"line":14,"column":1}},"loc":{"start":{"line":9,"column":0},"end":{"line":14,"column":1}},"line":9}},"f":{"0":4}}
,"/home/jim/dev/npmap5-plugins/markdown-handlebars/src/handlebars/htmlElement.ts": {"path":"/home/jim/dev/npmap5-plugins/markdown-handlebars/src/handlebars/htmlElement.ts","all":false,"statementMap":{"0":{"start":{"line":1,"column":0},"end":{"line":1,"column":66}},"1":{"start":{"line":2,"column":0},"end":{"line":2,"column":0}},"2":{"start":{"line":3,"column":0},"end":{"line":3,"column":18}},"3":{"start":{"line":4,"column":0},"end":{"line":4,"column":84}},"4":{"start":{"line":5,"column":0},"end":{"line":5,"column":87}},"5":{"start":{"line":6,"column":0},"end":{"line":6,"column":81}},"6":{"start":{"line":7,"column":0},"end":{"line":7,"column":81}},"7":{"start":{"line":8,"column":0},"end":{"line":8,"column":89}},"8":{"start":{"line":9,"column":0},"end":{"line":9,"column":89}},"9":{"start":{"line":10,"column":0},"end":{"line":10,"column":91}},"10":{"start":{"line":11,"column":0},"end":{"line":11,"column":87}},"11":{"start":{"line":12,"column":0},"end":{"line":12,"column":57}},"12":{"start":{"line":13,"column":0},"end":{"line":13,"column":0}},"13":{"start":{"line":14,"column":0},"end":{"line":14,"column":3}},"14":{"start":{"line":15,"column":0},"end":{"line":15,"column":95}},"15":{"start":{"line":16,"column":0},"end":{"line":16,"column":104}},"16":{"start":{"line":17,"column":0},"end":{"line":17,"column":68}},"17":{"start":{"line":18,"column":0},"end":{"line":18,"column":82}},"18":{"start":{"line":19,"column":0},"end":{"line":19,"column":109}},"19":{"start":{"line":20,"column":0},"end":{"line":20,"column":110}},"20":{"start":{"line":21,"column":0},"end":{"line":21,"column":3}},"21":{"start":{"line":22,"column":0},"end":{"line":22,"column":36}},"22":{"start":{"line":23,"column":0},"end":{"line":23,"column":14}},"23":{"start":{"line":24,"column":0},"end":{"line":24,"column":38}},"24":{"start":{"line":25,"column":0},"end":{"line":25,"column":26}},"25":{"start":{"line":26,"column":0},"end":{"line":26,"column":11}},"26":{"start":{"line":27,"column":0},"end":{"line":27,"column":49}},"27":{"start":{"line":28,"column":0},"end":{"line":28,"column":60}},"28":{"start":{"line":29,"column":0},"end":{"line":29,"column":23}},"29":{"start":{"line":30,"column":0},"end":{"line":30,"column":22}},"30":{"start":{"line":31,"column":0},"end":{"line":31,"column":5}},"31":{"start":{"line":32,"column":0},"end":{"line":32,"column":0}},"32":{"start":{"line":33,"column":0},"end":{"line":33,"column":40}},"33":{"start":{"line":34,"column":0},"end":{"line":34,"column":78}},"34":{"start":{"line":35,"column":0},"end":{"line":35,"column":5}},"35":{"start":{"line":36,"column":0},"end":{"line":36,"column":0}},"36":{"start":{"line":37,"column":0},"end":{"line":37,"column":55}},"37":{"start":{"line":38,"column":0},"end":{"line":38,"column":44}},"38":{"start":{"line":39,"column":0},"end":{"line":39,"column":0}},"39":{"start":{"line":40,"column":0},"end":{"line":40,"column":70}},"40":{"start":{"line":41,"column":0},"end":{"line":41,"column":85}},"41":{"start":{"line":42,"column":0},"end":{"line":42,"column":34}},"42":{"start":{"line":43,"column":0},"end":{"line":43,"column":7}},"43":{"start":{"line":44,"column":0},"end":{"line":44,"column":0}},"44":{"start":{"line":45,"column":0},"end":{"line":45,"column":86}},"45":{"start":{"line":46,"column":0},"end":{"line":46,"column":54}},"46":{"start":{"line":47,"column":0},"end":{"line":47,"column":0}},"47":{"start":{"line":48,"column":0},"end":{"line":48,"column":43}},"48":{"start":{"line":49,"column":0},"end":{"line":49,"column":51}},"49":{"start":{"line":50,"column":0},"end":{"line":50,"column":1}}},"s":{"0":1,"1":1,"2":1,"3":1,"4":1,"5":1,"6":1,"7":1,"8":1,"9":1,"10":1,"11":1,"12":1,"13":1,"14":1,"15":1,"16":1,"17":1,"18":1,"19":1,"20":1,"21":8,"22":8,"23":8,"24":8,"25":8,"26":8,"27":8,"28":1,"29":1,"30":1,"31":8,"32":8,"33":0,"34":0,"35":8,"36":8,"37":8,"38":8,"39":8,"40":8,"41":7,"42":8,"43":8,"44":8,"45":8,"46":8,"47":8,"48":8,"49":8},"branchMap":{"0":{"type":"branch","line":22,"loc":{"start":{"line":22,"column":0},"end":{"line":50,"column":1}},"locations":[{"start":{"line":22,"column":0},"end":{"line":50,"column":1}}]},"1":{"type":"branch","line":28,"loc":{"start":{"line":28,"column":32},"end":{"line":28,"column":57}},"locations":[{"start":{"line":28,"column":32},"end":{"line":28,"column":57}}]},"2":{"type":"branch","line":28,"loc":{"start":{"line":28,"column":59},"end":{"line":31,"column":5}},"locations":[{"start":{"line":28,"column":59},"end":{"line":31,"column":5}}]},"3":{"type":"branch","line":33,"loc":{"start":{"line":33,"column":39},"end":{"line":35,"column":5}},"locations":[{"start":{"line":33,"column":39},"end":{"line":35,"column":5}}]},"4":{"type":"branch","line":41,"loc":{"start":{"line":41,"column":32},"end":{"line":41,"column":38}},"locations":[{"start":{"line":41,"column":32},"end":{"line":41,"column":38}}]},"5":{"type":"branch","line":46,"loc":{"start":{"line":46,"column":49},"end":{"line":46,"column":53}},"locations":[{"start":{"line":46,"column":49},"end":{"line":46,"column":53}}]},"6":{"type":"branch","line":41,"loc":{"start":{"line":41,"column":75},"end":{"line":43,"column":5}},"locations":[{"start":{"line":41,"column":75},"end":{"line":43,"column":5}}]}},"b":{"0":[8],"1":[1],"2":[1],"3":[0],"4":[2],"5":[0],"6":[7]},"fnMap":{"0":{"name":"htmlElement","decl":{"start":{"line":22,"column":0},"end":{"line":50,"column":1}},"loc":{"start":{"line":22,"column":0},"end":{"line":50,"column":1}},"line":22}},"f":{"0":8}}
,"/home/jim/dev/npmap5-plugins/markdown-handlebars/src/handlebars/icon.ts": {"path":"/home/jim/dev/npmap5-plugins/markdown-handlebars/src/handlebars/icon.ts","all":false,"statementMap":{"0":{"start":{"line":1,"column":0},"end":{"line":1,"column":43}},"1":{"start":{"line":2,"column":0},"end":{"line":2,"column":34}},"2":{"start":{"line":3,"column":0},"end":{"line":3,"column":0}},"3":{"start":{"line":4,"column":0},"end":{"line":4,"column":103}},"4":{"start":{"line":5,"column":0},"end":{"line":5,"column":99}},"5":{"start":{"line":6,"column":0},"end":{"line":6,"column":0}},"6":{"start":{"line":7,"column":0},"end":{"line":7,"column":31}},"7":{"start":{"line":8,"column":0},"end":{"line":8,"column":0}},"8":{"start":{"line":9,"column":0},"end":{"line":9,"column":25}},"9":{"start":{"line":10,"column":0},"end":{"line":10,"column":29}},"10":{"start":{"line":11,"column":0},"end":{"line":11,"column":26}},"11":{"start":{"line":12,"column":0},"end":{"line":12,"column":45}},"12":{"start":{"line":13,"column":0},"end":{"line":13,"column":26}},"13":{"start":{"line":14,"column":0},"end":{"line":14,"column":9}},"14":{"start":{"line":15,"column":0},"end":{"line":15,"column":7}},"15":{"start":{"line":16,"column":0},"end":{"line":16,"column":0}},"16":{"start":{"line":17,"column":0},"end":{"line":17,"column":115}},"17":{"start":{"line":18,"column":0},"end":{"line":18,"column":1}},"18":{"start":{"line":19,"column":0},"end":{"line":19,"column":0}},"19":{"start":{"line":20,"column":0},"end":{"line":20,"column":3}},"20":{"start":{"line":21,"column":0},"end":{"line":21,"column":45}},"21":{"start":{"line":22,"column":0},"end":{"line":22,"column":46}},"22":{"start":{"line":23,"column":0},"end":{"line":23,"column":56}},"23":{"start":{"line":24,"column":0},"end":{"line":24,"column":52}},"24":{"start":{"line":25,"column":0},"end":{"line":25,"column":47}},"25":{"start":{"line":26,"column":0},"end":{"line":26,"column":3}},"26":{"start":{"line":27,"column":0},"end":{"line":27,"column":72}},"27":{"start":{"line":28,"column":0},"end":{"line":28,"column":63}},"28":{"start":{"line":29,"column":0},"end":{"line":29,"column":40}},"29":{"start":{"line":30,"column":0},"end":{"line":30,"column":0}},"30":{"start":{"line":31,"column":0},"end":{"line":31,"column":38}},"31":{"start":{"line":32,"column":0},"end":{"line":32,"column":52}},"32":{"start":{"line":33,"column":0},"end":{"line":33,"column":38}},"33":{"start":{"line":34,"column":0},"end":{"line":34,"column":0}},"34":{"start":{"line":35,"column":0},"end":{"line":35,"column":15}},"35":{"start":{"line":36,"column":0},"end":{"line":36,"column":107}},"36":{"start":{"line":37,"column":0},"end":{"line":37,"column":0}},"37":{"start":{"line":38,"column":0},"end":{"line":38,"column":56}},"38":{"start":{"line":39,"column":0},"end":{"line":39,"column":44}},"39":{"start":{"line":40,"column":0},"end":{"line":40,"column":0}},"40":{"start":{"line":41,"column":0},"end":{"line":41,"column":39}},"41":{"start":{"line":42,"column":0},"end":{"line":42,"column":41}},"42":{"start":{"line":43,"column":0},"end":{"line":43,"column":43}},"43":{"start":{"line":44,"column":0},"end":{"line":44,"column":0}},"44":{"start":{"line":45,"column":0},"end":{"line":45,"column":34}},"45":{"start":{"line":46,"column":0},"end":{"line":46,"column":39}},"46":{"start":{"line":47,"column":0},"end":{"line":47,"column":45}},"47":{"start":{"line":48,"column":0},"end":{"line":48,"column":53}},"48":{"start":{"line":49,"column":0},"end":{"line":49,"column":0}},"49":{"start":{"line":50,"column":0},"end":{"line":50,"column":28}},"50":{"start":{"line":51,"column":0},"end":{"line":51,"column":64}},"51":{"start":{"line":52,"column":0},"end":{"line":52,"column":69}},"52":{"start":{"line":53,"column":0},"end":{"line":53,"column":71}},"53":{"start":{"line":54,"column":0},"end":{"line":54,"column":0}},"54":{"start":{"line":55,"column":0},"end":{"line":55,"column":31}},"55":{"start":{"line":56,"column":0},"end":{"line":56,"column":5}},"56":{"start":{"line":57,"column":0},"end":{"line":57,"column":0}},"57":{"start":{"line":58,"column":0},"end":{"line":58,"column":60}},"58":{"start":{"line":59,"column":0},"end":{"line":59,"column":14}},"59":{"start":{"line":60,"column":0},"end":{"line":60,"column":1}}},"s":{"0":1,"1":1,"2":1,"3":1,"4":2,"5":2,"6":2,"7":2,"8":2,"9":6,"10":2,"11":6,"12":2,"13":2,"14":2,"15":2,"16":2,"17":2,"18":1,"19":1,"20":1,"21":1,"22":1,"23":1,"24":1,"25":1,"26":2,"27":2,"28":2,"29":2,"30":2,"31":2,"32":2,"33":2,"34":2,"35":1,"36":1,"37":1,"38":1,"39":1,"40":1,"41":1,"42":1,"43":1,"44":1,"45":1,"46":1,"47":1,"48":1,"49":1,"50":1,"51":1,"52":1,"53":1,"54":1,"55":1,"56":1,"57":1,"58":1,"59":1},"branchMap":{"0":{"type":"branch","line":4,"loc":{"start":{"line":4,"column":19},"end":{"line":18,"column":1}},"locations":[{"start":{"line":4,"column":19},"end":{"line":18,"column":1}}]},"1":{"type":"branch","line":17,"loc":{"start":{"line":17,"column":30},"end":{"line":17,"column":42}},"locations":[{"start":{"line":17,"column":30},"end":{"line":17,"column":42}}]},"2":{"type":"branch","line":5,"loc":{"start":{"line":5,"column":22},"end":{"line":5,"column":98}},"locations":[{"start":{"line":5,"column":22},"end":{"line":5,"column":98}}]},"3":{"type":"branch","line":5,"loc":{"start":{"line":5,"column":81},"end":{"line":5,"column":98}},"locations":[{"start":{"line":5,"column":81},"end":{"line":5,"column":98}}]},"4":{"type":"branch","line":9,"loc":{"start":{"line":9,"column":17},"end":{"line":15,"column":5}},"locations":[{"start":{"line":9,"column":17},"end":{"line":15,"column":5}}]},"5":{"type":"branch","line":10,"loc":{"start":{"line":10,"column":28},"end":{"line":12,"column":15}},"locations":[{"start":{"line":10,"column":28},"end":{"line":12,"column":15}}]},"6":{"type":"branch","line":12,"loc":{"start":{"line":12,"column":9},"end":{"line":14,"column":9}},"locations":[{"start":{"line":12,"column":9},"end":{"line":14,"column":9}}]},"7":{"type":"branch","line":12,"loc":{"start":{"line":12,"column":44},"end":{"line":14,"column":9}},"locations":[{"start":{"line":12,"column":44},"end":{"line":14,"column":9}}]},"8":{"type":"branch","line":27,"loc":{"start":{"line":27,"column":0},"end":{"line":60,"column":1}},"locations":[{"start":{"line":27,"column":0},"end":{"line":60,"column":1}}]},"9":{"type":"branch","line":33,"loc":{"start":{"line":33,"column":31},"end":{"line":33,"column":37}},"locations":[{"start":{"line":33,"column":31},"end":{"line":33,"column":37}}]},"10":{"type":"branch","line":35,"loc":{"start":{"line":35,"column":14},"end":{"line":60,"column":1}},"locations":[{"start":{"line":35,"column":14},"end":{"line":60,"column":1}}]},"11":{"type":"branch","line":43,"loc":{"start":{"line":43,"column":11},"end":{"line":43,"column":13}},"locations":[{"start":{"line":43,"column":11},"end":{"line":43,"column":13}}]},"12":{"type":"branch","line":51,"loc":{"start":{"line":51,"column":58},"end":{"line":51,"column":63}},"locations":[{"start":{"line":51,"column":58},"end":{"line":51,"column":63}}]}},"b":{"0":[2],"1":[0],"2":[6],"3":[2],"4":[6],"5":[2],"6":[4],"7":[2],"8":[2],"9":[1],"10":[1],"11":[0],"12":[0]},"fnMap":{"0":{"name":"handleArgs","decl":{"start":{"line":4,"column":19},"end":{"line":18,"column":1}},"loc":{"start":{"line":4,"column":19},"end":{"line":18,"column":1}},"line":4},"1":{"name":"isOptions","decl":{"start":{"line":5,"column":22},"end":{"line":5,"column":98}},"loc":{"start":{"line":5,"column":22},"end":{"line":5,"column":98}},"line":5},"2":{"name":"icon","decl":{"start":{"line":27,"column":0},"end":{"line":60,"column":1}},"loc":{"start":{"line":27,"column":0},"end":{"line":60,"column":1}},"line":27}},"f":{"0":2,"1":6,"2":2}}
,"/home/jim/dev/npmap5-plugins/markdown-handlebars/src/handlebars/ifCompare.ts": {"path":"/home/jim/dev/npmap5-plugins/markdown-handlebars/src/handlebars/ifCompare.ts","all":false,"statementMap":{"0":{"start":{"line":1,"column":0},"end":{"line":1,"column":15}},"1":{"start":{"line":2,"column":0},"end":{"line":2,"column":43}},"2":{"start":{"line":3,"column":0},"end":{"line":3,"column":0}},"3":{"start":{"line":4,"column":0},"end":{"line":4,"column":54}},"4":{"start":{"line":5,"column":0},"end":{"line":5,"column":0}},"5":{"start":{"line":6,"column":0},"end":{"line":6,"column":53}},"6":{"start":{"line":7,"column":0},"end":{"line":7,"column":31}},"7":{"start":{"line":8,"column":0},"end":{"line":8,"column":33}},"8":{"start":{"line":9,"column":0},"end":{"line":9,"column":31}},"9":{"start":{"line":10,"column":0},"end":{"line":10,"column":33}},"10":{"start":{"line":11,"column":0},"end":{"line":11,"column":29}},"11":{"start":{"line":12,"column":0},"end":{"line":12,"column":31}},"12":{"start":{"line":13,"column":0},"end":{"line":13,"column":29}},"13":{"start":{"line":14,"column":0},"end":{"line":14,"column":31}},"14":{"start":{"line":15,"column":0},"end":{"line":15,"column":31}},"15":{"start":{"line":16,"column":0},"end":{"line":16,"column":30}},"16":{"start":{"line":17,"column":0},"end":{"line":17,"column":2}},"17":{"start":{"line":18,"column":0},"end":{"line":18,"column":0}},"18":{"start":{"line":19,"column":0},"end":{"line":19,"column":34}},"19":{"start":{"line":20,"column":0},"end":{"line":20,"column":12}},"20":{"start":{"line":21,"column":0},"end":{"line":21,"column":21}},"21":{"start":{"line":22,"column":0},"end":{"line":22,"column":11}},"22":{"start":{"line":23,"column":0},"end":{"line":23,"column":11}},"23":{"start":{"line":24,"column":0},"end":{"line":24,"column":42}},"24":{"start":{"line":25,"column":0},"end":{"line":25,"column":62}},"25":{"start":{"line":26,"column":0},"end":{"line":26,"column":2}}},"s":{"0":1,"1":1,"2":1,"3":1,"4":1,"5":1,"6":1,"7":1,"8":1,"9":1,"10":1,"11":1,"12":1,"13":1,"14":1,"15":1,"16":1,"17":1,"18":21,"19":21,"20":21,"21":21,"22":21,"23":21,"24":21,"25":21},"branchMap":{"0":{"type":"branch","line":7,"loc":{"start":{"line":7,"column":10},"end":{"line":7,"column":30}},"locations":[{"start":{"line":7,"column":10},"end":{"line":7,"column":30}}]},"1":{"type":"branch","line":8,"loc":{"start":{"line":8,"column":11},"end":{"line":8,"column":32}},"locations":[{"start":{"line":8,"column":11},"end":{"line":8,"column":32}}]},"2":{"type":"branch","line":9,"loc":{"start":{"line":9,"column":10},"end":{"line":9,"column":30}},"locations":[{"start":{"line":9,"column":10},"end":{"line":9,"column":30}}]},"3":{"type":"branch","line":10,"loc":{"start":{"line":10,"column":11},"end":{"line":10,"column":32}},"locations":[{"start":{"line":10,"column":11},"end":{"line":10,"column":32}}]},"4":{"type":"branch","line":11,"loc":{"start":{"line":11,"column":9},"end":{"line":11,"column":28}},"locations":[{"start":{"line":11,"column":9},"end":{"line":11,"column":28}}]},"5":{"type":"branch","line":12,"loc":{"start":{"line":12,"column":10},"end":{"line":12,"column":30}},"locations":[{"start":{"line":12,"column":10},"end":{"line":12,"column":30}}]},"6":{"type":"branch","line":13,"loc":{"start":{"line":13,"column":9},"end":{"line":13,"column":28}},"locations":[{"start":{"line":13,"column":9},"end":{"line":13,"column":28}}]},"7":{"type":"branch","line":14,"loc":{"start":{"line":14,"column":10},"end":{"line":14,"column":30}},"locations":[{"start":{"line":14,"column":10},"end":{"line":14,"column":30}}]},"8":{"type":"branch","line":15,"loc":{"start":{"line":15,"column":10},"end":{"line":15,"column":30}},"locations":[{"start":{"line":15,"column":10},"end":{"line":15,"column":30}}]},"9":{"type":"branch","line":16,"loc":{"start":{"line":16,"column":10},"end":{"line":16,"column":30}},"locations":[{"start":{"line":16,"column":10},"end":{"line":16,"column":30}}]},"10":{"type":"branch","line":19,"loc":{"start":{"line":19,"column":0},"end":{"line":26,"column":2}},"locations":[{"start":{"line":19,"column":0},"end":{"line":26,"column":2}}]},"11":{"type":"branch","line":25,"loc":{"start":{"line":25,"column":21},"end":{"line":25,"column":56}},"locations":[{"start":{"line":25,"column":21},"end":{"line":25,"column":56}}]},"12":{"type":"branch","line":25,"loc":{"start":{"line":25,"column":42},"end":{"line":25,"column":50}},"locations":[{"start":{"line":25,"column":42},"end":{"line":25,"column":50}}]},"13":{"type":"branch","line":25,"loc":{"start":{"line":25,"column":51},"end":{"line":25,"column":55}},"locations":[{"start":{"line":25,"column":51},"end":{"line":25,"column":55}}]},"14":{"type":"branch","line":25,"loc":{"start":{"line":25,"column":57},"end":{"line":25,"column":61}},"locations":[{"start":{"line":25,"column":57},"end":{"line":25,"column":61}}]}},"b":{"0":[2],"1":[2],"2":[2],"3":[2],"4":[2],"5":[2],"6":[2],"7":[2],"8":[2],"9":[2],"10":[21],"11":[20],"12":[10],"13":[10],"14":[1]},"fnMap":{"0":{"name":"!=","decl":{"start":{"line":7,"column":10},"end":{"line":7,"column":30}},"loc":{"start":{"line":7,"column":10},"end":{"line":7,"column":30}},"line":7},"1":{"name":"!==","decl":{"start":{"line":8,"column":11},"end":{"line":8,"column":32}},"loc":{"start":{"line":8,"column":11},"end":{"line":8,"column":32}},"line":8},"2":{"name":"==","decl":{"start":{"line":9,"column":10},"end":{"line":9,"column":30}},"loc":{"start":{"line":9,"column":10},"end":{"line":9,"column":30}},"line":9},"3":{"name":"===","decl":{"start":{"line":10,"column":11},"end":{"line":10,"column":32}},"loc":{"start":{"line":10,"column":11},"end":{"line":10,"column":32}},"line":10},"4":{"name":"<","decl":{"start":{"line":11,"column":9},"end":{"line":11,"column":28}},"loc":{"start":{"line":11,"column":9},"end":{"line":11,"column":28}},"line":11},"5":{"name":"<=","decl":{"start":{"line":12,"column":10},"end":{"line":12,"column":30}},"loc":{"start":{"line":12,"column":10},"end":{"line":12,"column":30}},"line":12},"6":{"name":">","decl":{"start":{"line":13,"column":9},"end":{"line":13,"column":28}},"loc":{"start":{"line":13,"column":9},"end":{"line":13,"column":28}},"line":13},"7":{"name":">=","decl":{"start":{"line":14,"column":10},"end":{"line":14,"column":30}},"loc":{"start":{"line":14,"column":10},"end":{"line":14,"column":30}},"line":14},"8":{"name":"&&","decl":{"start":{"line":15,"column":10},"end":{"line":15,"column":30}},"loc":{"start":{"line":15,"column":10},"end":{"line":15,"column":30}},"line":15},"9":{"name":"||","decl":{"start":{"line":16,"column":10},"end":{"line":16,"column":30}},"loc":{"start":{"line":16,"column":10},"end":{"line":16,"column":30}},"line":16},"10":{"name":"ifCompare","decl":{"start":{"line":19,"column":0},"end":{"line":26,"column":2}},"loc":{"start":{"line":19,"column":0},"end":{"line":26,"column":2}},"line":19}},"f":{"0":2,"1":2,"2":2,"3":2,"4":2,"5":2,"6":2,"7":2,"8":2,"9":2,"10":21}}
,"/home/jim/dev/npmap5-plugins/markdown-handlebars/src/handlebars/ifCond.ts": {"path":"/home/jim/dev/npmap5-plugins/markdown-handlebars/src/handlebars/ifCond.ts","all":false,"statementMap":{"0":{"start":{"line":1,"column":0},"end":{"line":1,"column":43}},"1":{"start":{"line":2,"column":0},"end":{"line":2,"column":37}},"2":{"start":{"line":3,"column":0},"end":{"line":3,"column":0}},"3":{"start":{"line":4,"column":0},"end":{"line":4,"column":66}},"4":{"start":{"line":5,"column":0},"end":{"line":5,"column":31}},"5":{"start":{"line":6,"column":0},"end":{"line":6,"column":33}},"6":{"start":{"line":7,"column":0},"end":{"line":7,"column":31}},"7":{"start":{"line":8,"column":0},"end":{"line":8,"column":33}},"8":{"start":{"line":9,"column":0},"end":{"line":9,"column":35}},"9":{"start":{"line":10,"column":0},"end":{"line":10,"column":37}},"10":{"start":{"line":11,"column":0},"end":{"line":11,"column":35}},"11":{"start":{"line":12,"column":0},"end":{"line":12,"column":37}},"12":{"start":{"line":13,"column":0},"end":{"line":13,"column":31}},"13":{"start":{"line":14,"column":0},"end":{"line":14,"column":31}},"14":{"start":{"line":15,"column":0},"end":{"line":15,"column":35}},"15":{"start":{"line":16,"column":0},"end":{"line":16,"column":2}},"16":{"start":{"line":17,"column":0},"end":{"line":17,"column":0}},"17":{"start":{"line":18,"column":0},"end":{"line":18,"column":31}},"18":{"start":{"line":19,"column":0},"end":{"line":19,"column":14}},"19":{"start":{"line":20,"column":0},"end":{"line":20,"column":12}},"20":{"start":{"line":21,"column":0},"end":{"line":21,"column":21}},"21":{"start":{"line":22,"column":0},"end":{"line":22,"column":12}},"22":{"start":{"line":23,"column":0},"end":{"line":23,"column":26}},"23":{"start":{"line":24,"column":0},"end":{"line":24,"column":11}},"24":{"start":{"line":25,"column":0},"end":{"line":25,"column":72}},"25":{"start":{"line":26,"column":0},"end":{"line":26,"column":60}},"26":{"start":{"line":27,"column":0},"end":{"line":27,"column":27}},"27":{"start":{"line":28,"column":0},"end":{"line":28,"column":24}},"28":{"start":{"line":29,"column":0},"end":{"line":29,"column":23}},"29":{"start":{"line":30,"column":0},"end":{"line":30,"column":5}},"30":{"start":{"line":31,"column":0},"end":{"line":31,"column":0}},"31":{"start":{"line":32,"column":0},"end":{"line":32,"column":42}},"32":{"start":{"line":33,"column":0},"end":{"line":33,"column":65}},"33":{"start":{"line":34,"column":0},"end":{"line":34,"column":94}},"34":{"start":{"line":35,"column":0},"end":{"line":35,"column":1}}},"s":{"0":1,"1":1,"2":1,"3":1,"4":1,"5":1,"6":1,"7":1,"8":1,"9":1,"10":1,"11":1,"12":1,"13":1,"14":1,"15":1,"16":1,"17":20,"18":20,"19":20,"20":20,"21":20,"22":20,"23":20,"24":20,"25":20,"26":4,"27":4,"28":4,"29":4,"30":20,"31":20,"32":20,"33":20,"34":20},"branchMap":{"0":{"type":"branch","line":6,"loc":{"start":{"line":6,"column":11},"end":{"line":6,"column":32}},"locations":[{"start":{"line":6,"column":11},"end":{"line":6,"column":32}}]},"1":{"type":"branch","line":7,"loc":{"start":{"line":7,"column":10},"end":{"line":7,"column":30}},"locations":[{"start":{"line":7,"column":10},"end":{"line":7,"column":30}}]},"2":{"type":"branch","line":8,"loc":{"start":{"line":8,"column":11},"end":{"line":8,"column":32}},"locations":[{"start":{"line":8,"column":11},"end":{"line":8,"column":32}}]},"3":{"type":"branch","line":9,"loc":{"start":{"line":9,"column":9},"end":{"line":9,"column":34}},"locations":[{"start":{"line":9,"column":9},"end":{"line":9,"column":34}}]},"4":{"type":"branch","line":10,"loc":{"start":{"line":10,"column":10},"end":{"line":10,"column":36}},"locations":[{"start":{"line":10,"column":10},"end":{"line":10,"column":36}}]},"5":{"type":"branch","line":11,"loc":{"start":{"line":11,"column":9},"end":{"line":11,"column":34}},"locations":[{"start":{"line":11,"column":9},"end":{"line":11,"column":34}}]},"6":{"type":"branch","line":13,"loc":{"start":{"line":13,"column":10},"end":{"line":13,"column":30}},"locations":[{"start":{"line":13,"column":10},"end":{"line":13,"column":30}}]},"7":{"type":"branch","line":13,"loc":{"start":{"line":13,"column":24},"end":{"line":13,"column":30}},"locations":[{"start":{"line":13,"column":24},"end":{"line":13,"column":30}}]},"8":{"type":"branch","line":15,"loc":{"start":{"line":15,"column":10},"end":{"line":15,"column":35}},"locations":[{"start":{"line":15,"column":10},"end":{"line":15,"column":35}}]},"9":{"type":"branch","line":18,"loc":{"start":{"line":18,"column":0},"end":{"line":35,"column":1}},"locations":[{"start":{"line":18,"column":0},"end":{"line":35,"column":1}}]},"10":{"type":"branch","line":26,"loc":{"start":{"line":26,"column":36},"end":{"line":26,"column":57}},"locations":[{"start":{"line":26,"column":36},"end":{"line":26,"column":57}}]},"11":{"type":"branch","line":26,"loc":{"start":{"line":26,"column":59},"end":{"line":30,"column":5}},"locations":[{"start":{"line":26,"column":59},"end":{"line":30,"column":5}}]},"12":{"type":"branch","line":33,"loc":{"start":{"line":33,"column":36},"end":{"line":33,"column":53}},"locations":[{"start":{"line":33,"column":36},"end":{"line":33,"column":53}}]},"13":{"type":"branch","line":33,"loc":{"start":{"line":33,"column":54},"end":{"line":33,"column":64}},"locations":[{"start":{"line":33,"column":54},"end":{"line":33,"column":64}}]},"14":{"type":"branch","line":34,"loc":{"start":{"line":34,"column":42},"end":{"line":34,"column":60}},"locations":[{"start":{"line":34,"column":42},"end":{"line":34,"column":60}}]},"15":{"type":"branch","line":34,"loc":{"start":{"line":34,"column":61},"end":{"line":34,"column":76}},"locations":[{"start":{"line":34,"column":61},"end":{"line":34,"column":76}}]},"16":{"type":"branch","line":34,"loc":{"start":{"line":34,"column":78},"end":{"line":34,"column":93}},"locations":[{"start":{"line":34,"column":78},"end":{"line":34,"column":93}}]},"17":{"type":"branch","line":33,"loc":{"start":{"line":33,"column":56},"end":{"line":33,"column":64}},"locations":[{"start":{"line":33,"column":56},"end":{"line":33,"column":64}}]}},"b":{"0":[2],"1":[2],"2":[2],"3":[2],"4":[2],"5":[2],"6":[4],"7":[0],"8":[4],"9":[20],"10":[4],"11":[4],"12":[10],"13":[10],"14":[10],"15":[10],"16":[0],"17":[5]},"fnMap":{"0":{"name":"!=","decl":{"start":{"line":5,"column":10},"end":{"line":5,"column":30}},"loc":{"start":{"line":5,"column":10},"end":{"line":5,"column":30}},"line":5},"1":{"name":"!==","decl":{"start":{"line":6,"column":11},"end":{"line":6,"column":32}},"loc":{"start":{"line":6,"column":11},"end":{"line":6,"column":32}},"line":6},"2":{"name":"==","decl":{"start":{"line":7,"column":10},"end":{"line":7,"column":30}},"loc":{"start":{"line":7,"column":10},"end":{"line":7,"column":30}},"line":7},"3":{"name":"===","decl":{"start":{"line":8,"column":11},"end":{"line":8,"column":32}},"loc":{"start":{"line":8,"column":11},"end":{"line":8,"column":32}},"line":8},"4":{"name":"<","decl":{"start":{"line":9,"column":9},"end":{"line":9,"column":34}},"loc":{"start":{"line":9,"column":9},"end":{"line":9,"column":34}},"line":9},"5":{"name":"<=","decl":{"start":{"line":10,"column":10},"end":{"line":10,"column":36}},"loc":{"start":{"line":10,"column":10},"end":{"line":10,"column":36}},"line":10},"6":{"name":">","decl":{"start":{"line":11,"column":9},"end":{"line":11,"column":34}},"loc":{"start":{"line":11,"column":9},"end":{"line":11,"column":34}},"line":11},"7":{"name":">=","decl":{"start":{"line":12,"column":10},"end":{"line":12,"column":36}},"loc":{"start":{"line":12,"column":10},"end":{"line":12,"column":36}},"line":12},"8":{"name":"&&","decl":{"start":{"line":13,"column":10},"end":{"line":13,"column":30}},"loc":{"start":{"line":13,"column":10},"end":{"line":13,"column":30}},"line":13},"9":{"name":"||","decl":{"start":{"line":14,"column":10},"end":{"line":14,"column":30}},"loc":{"start":{"line":14,"column":10},"end":{"line":14,"column":30}},"line":14},"10":{"name":"!!","decl":{"start":{"line":15,"column":10},"end":{"line":15,"column":35}},"loc":{"start":{"line":15,"column":10},"end":{"line":15,"column":35}},"line":15},"11":{"name":"ifCond","decl":{"start":{"line":18,"column":0},"end":{"line":35,"column":1}},"loc":{"start":{"line":18,"column":0},"end":{"line":35,"column":1}},"line":18},"12":{"name":"inverse","decl":{"start":{"line":33,"column":56},"end":{"line":33,"column":64}},"loc":{"start":{"line":33,"column":56},"end":{"line":33,"column":64}},"line":33}},"f":{"0":0,"1":2,"2":2,"3":2,"4":2,"5":2,"6":2,"7":0,"8":4,"9":0,"10":4,"11":20,"12":5}}
[...]
,"/home/jim/dev/npmap5-plugins/markdown-handlebars/src/utils/jsonAsList.ts": {"path":"/home/jim/dev/npmap5-plugins/markdown-handlebars/src/utils/jsonAsList.ts","all":false,"statementMap":{"0":{"start":{"line":1,"column":0},"end":{"line":1,"column":43}},"1":{"start":{"line":2,"column":0},"end":{"line":2,"column":0}},"2":{"start":{"line":3,"column":0},"end":{"line":3,"column":3}},"3":{"start":{"line":4,"column":0},"end":{"line":4,"column":72}},"4":{"start":{"line":5,"column":0},"end":{"line":5,"column":2}},"5":{"start":{"line":6,"column":0},"end":{"line":6,"column":65}},"6":{"start":{"line":7,"column":0},"end":{"line":7,"column":107}},"7":{"start":{"line":8,"column":0},"end":{"line":8,"column":150}},"8":{"start":{"line":9,"column":0},"end":{"line":9,"column":3}},"9":{"start":{"line":10,"column":0},"end":{"line":10,"column":106}},"10":{"start":{"line":11,"column":0},"end":{"line":11,"column":74}},"11":{"start":{"line":12,"column":0},"end":{"line":12,"column":62}},"12":{"start":{"line":13,"column":0},"end":{"line":13,"column":21}},"13":{"start":{"line":14,"column":0},"end":{"line":14,"column":3}},"14":{"start":{"line":15,"column":0},"end":{"line":15,"column":0}},"15":{"start":{"line":16,"column":0},"end":{"line":16,"column":72}},"16":{"start":{"line":17,"column":0},"end":{"line":17,"column":51}},"17":{"start":{"line":18,"column":0},"end":{"line":18,"column":7}},"18":{"start":{"line":19,"column":0},"end":{"line":19,"column":36}},"19":{"start":{"line":20,"column":0},"end":{"line":20,"column":30}},"20":{"start":{"line":21,"column":0},"end":{"line":21,"column":5}},"21":{"start":{"line":22,"column":0},"end":{"line":22,"column":15}},"22":{"start":{"line":23,"column":0},"end":{"line":23,"column":13}},"23":{"start":{"line":24,"column":0},"end":{"line":24,"column":3}},"24":{"start":{"line":25,"column":0},"end":{"line":25,"column":0}},"25":{"start":{"line":26,"column":0},"end":{"line":26,"column":133}},"26":{"start":{"line":27,"column":0},"end":{"line":27,"column":92}},"27":{"start":{"line":28,"column":0},"end":{"line":28,"column":0}},"28":{"start":{"line":29,"column":0},"end":{"line":29,"column":58}},"29":{"start":{"line":30,"column":0},"end":{"line":30,"column":49}},"30":{"start":{"line":31,"column":0},"end":{"line":31,"column":64}},"31":{"start":{"line":32,"column":0},"end":{"line":32,"column":23}},"32":{"start":{"line":33,"column":0},"end":{"line":33,"column":5}},"33":{"start":{"line":34,"column":0},"end":{"line":34,"column":44}},"34":{"start":{"line":35,"column":0},"end":{"line":35,"column":0}},"35":{"start":{"line":36,"column":0},"end":{"line":36,"column":115}},"36":{"start":{"line":37,"column":0},"end":{"line":37,"column":59}},"37":{"start":{"line":38,"column":0},"end":{"line":38,"column":0}},"38":{"start":{"line":39,"column":0},"end":{"line":39,"column":84}},"39":{"start":{"line":40,"column":0},"end":{"line":40,"column":36}},"40":{"start":{"line":41,"column":0},"end":{"line":41,"column":31}},"41":{"start":{"line":42,"column":0},"end":{"line":42,"column":44}},"42":{"start":{"line":43,"column":0},"end":{"line":43,"column":37}},"43":{"start":{"line":44,"column":0},"end":{"line":44,"column":12}},"44":{"start":{"line":45,"column":0},"end":{"line":45,"column":77}},"45":{"start":{"line":46,"column":0},"end":{"line":46,"column":44}},"46":{"start":{"line":47,"column":0},"end":{"line":47,"column":5}},"47":{"start":{"line":48,"column":0},"end":{"line":48,"column":0}},"48":{"start":{"line":49,"column":0},"end":{"line":49,"column":37}},"49":{"start":{"line":50,"column":0},"end":{"line":50,"column":25}},"50":{"start":{"line":51,"column":0},"end":{"line":51,"column":5}},"51":{"start":{"line":52,"column":0},"end":{"line":52,"column":0}},"52":{"start":{"line":53,"column":0},"end":{"line":53,"column":53}},"53":{"start":{"line":54,"column":0},"end":{"line":54,"column":1}}},"s":{"0":1,"1":1,"2":1,"3":1,"4":1,"5":1,"6":1,"7":1,"8":1,"9":9,"10":9,"11":9,"12":0,"13":0,"14":9,"15":9,"16":9,"17":9,"18":9,"19":4,"20":4,"21":9,"22":0,"23":0,"24":9,"25":9,"26":9,"27":9,"28":9,"29":9,"30":30,"31":1,"32":1,"33":29,"34":29,"35":29,"36":30,"37":30,"38":30,"39":30,"40":1,"41":1,"42":1,"43":30,"44":28,"45":28,"46":28,"47":29,"48":29,"49":29,"50":9,"51":9,"52":9,"53":9},"branchMap":{"0":{"type":"branch","line":10,"loc":{"start":{"line":10,"column":0},"end":{"line":54,"column":1}},"locations":[{"start":{"line":10,"column":0},"end":{"line":54,"column":1}}]},"1":{"type":"branch","line":12,"loc":{"start":{"line":12,"column":61},"end":{"line":14,"column":3}},"locations":[{"start":{"line":12,"column":61},"end":{"line":14,"column":3}}]},"2":{"type":"branch","line":17,"loc":{"start":{"line":17,"column":38},"end":{"line":17,"column":45}},"locations":[{"start":{"line":17,"column":38},"end":{"line":17,"column":45}}]},"3":{"type":"branch","line":17,"loc":{"start":{"line":17,"column":46},"end":{"line":17,"column":50}},"locations":[{"start":{"line":17,"column":46},"end":{"line":17,"column":50}}]},"4":{"type":"branch","line":19,"loc":{"start":{"line":19,"column":35},"end":{"line":21,"column":5}},"locations":[{"start":{"line":19,"column":35},"end":{"line":21,"column":5}}]},"5":{"type":"branch","line":22,"loc":{"start":{"line":22,"column":4},"end":{"line":24,"column":3}},"locations":[{"start":{"line":22,"column":4},"end":{"line":24,"column":3}}]},"6":{"type":"branch","line":27,"loc":{"start":{"line":27,"column":56},"end":{"line":27,"column":76}},"locations":[{"start":{"line":27,"column":56},"end":{"line":27,"column":76}}]},"7":{"type":"branch","line":27,"loc":{"start":{"line":27,"column":77},"end":{"line":27,"column":83}},"locations":[{"start":{"line":27,"column":77},"end":{"line":27,"column":83}}]},"8":{"type":"branch","line":27,"loc":{"start":{"line":27,"column":84},"end":{"line":27,"column":90}},"locations":[{"start":{"line":27,"column":84},"end":{"line":27,"column":90}}]},"9":{"type":"branch","line":53,"loc":{"start":{"line":53,"column":34},"end":{"line":53,"column":40}},"locations":[{"start":{"line":53,"column":34},"end":{"line":53,"column":40}}]},"10":{"type":"branch","line":53,"loc":{"start":{"line":53,"column":41},"end":{"line":53,"column":52}},"locations":[{"start":{"line":53,"column":41},"end":{"line":53,"column":52}}]},"11":{"type":"branch","line":30,"loc":{"start":{"line":30,"column":30},"end":{"line":51,"column":3}},"locations":[{"start":{"line":30,"column":30},"end":{"line":51,"column":3}}]},"12":{"type":"branch","line":31,"loc":{"start":{"line":31,"column":63},"end":{"line":33,"column":5}},"locations":[{"start":{"line":31,"column":63},"end":{"line":33,"column":5}}]},"13":{"type":"branch","line":34,"loc":{"start":{"line":34,"column":-1},"end":{"line":37,"column":41}},"locations":[{"start":{"line":34,"column":-1},"end":{"line":37,"column":41}}]},"14":{"type":"branch","line":37,"loc":{"start":{"line":37,"column":41},"end":{"line":37,"column":45}},"locations":[{"start":{"line":37,"column":41},"end":{"line":37,"column":45}}]},"15":{"type":"branch","line":37,"loc":{"start":{"line":37,"column":46},"end":{"line":37,"column":58}},"locations":[{"start":{"line":37,"column":46},"end":{"line":37,"column":58}}]},"16":{"type":"branch","line":40,"loc":{"start":{"line":40,"column":35},"end":{"line":44,"column":11}},"locations":[{"start":{"line":40,"column":35},"end":{"line":44,"column":11}}]},"17":{"type":"branch","line":44,"loc":{"start":{"line":44,"column":5},"end":{"line":47,"column":5}},"locations":[{"start":{"line":44,"column":5},"end":{"line":47,"column":5}}]},"18":{"type":"branch","line":48,"loc":{"start":{"line":48,"column":-1},"end":{"line":51,"column":3}},"locations":[{"start":{"line":48,"column":-1},"end":{"line":51,"column":3}}]}},"b":{"0":[9],"1":[0],"2":[5],"3":[4],"4":[4],"5":[0],"6":[7],"7":[6],"8":[3],"9":[8],"10":[1],"11":[30],"12":[1],"13":[29],"14":[25],"15":[4],"16":[1],"17":[28],"18":[29]},"fnMap":{"0":{"name":"jsonAsList","decl":{"start":{"line":10,"column":0},"end":{"line":54,"column":1}},"loc":{"start":{"line":10,"column":0},"end":{"line":54,"column":1}},"line":10}},"f":{"0":9}}
,"/home/jim/dev/npmap5-plugins/markdown-handlebars/src/utils/simpleHash.ts": {"path":"/home/jim/dev/npmap5-plugins/markdown-handlebars/src/utils/simpleHash.ts","all":false,"statementMap":{"0":{"start":{"line":1,"column":0},"end":{"line":1,"column":3}},"1":{"start":{"line":2,"column":0},"end":{"line":2,"column":46}},"2":{"start":{"line":3,"column":0},"end":{"line":3,"column":2}},"3":{"start":{"line":4,"column":0},"end":{"line":4,"column":31}},"4":{"start":{"line":5,"column":0},"end":{"line":5,"column":37}},"5":{"start":{"line":6,"column":0},"end":{"line":6,"column":3}},"6":{"start":{"line":7,"column":0},"end":{"line":7,"column":57}},"7":{"start":{"line":8,"column":0},"end":{"line":8,"column":17}},"8":{"start":{"line":9,"column":0},"end":{"line":9,"column":42}},"9":{"start":{"line":10,"column":0},"end":{"line":10,"column":39}},"10":{"start":{"line":11,"column":0},"end":{"line":11,"column":41}},"11":{"start":{"line":12,"column":0},"end":{"line":12,"column":49}},"12":{"start":{"line":13,"column":0},"end":{"line":13,"column":5}},"13":{"start":{"line":14,"column":0},"end":{"line":14,"column":51}},"14":{"start":{"line":15,"column":0},"end":{"line":15,"column":2}}},"s":{"0":1,"1":1,"2":1,"3":1,"4":1,"5":1,"6":4,"7":4,"8":4,"9":1298,"10":1298,"11":1298,"12":1298,"13":4,"14":4},"branchMap":{"0":{"type":"branch","line":7,"loc":{"start":{"line":7,"column":0},"end":{"line":15,"column":2}},"locations":[{"start":{"line":7,"column":0},"end":{"line":15,"column":2}}]},"1":{"type":"branch","line":9,"loc":{"start":{"line":9,"column":41},"end":{"line":13,"column":5}},"locations":[{"start":{"line":9,"column":41},"end":{"line":13,"column":5}}]}},"b":{"0":[4],"1":[1298]},"fnMap":{"0":{"name":"simpleHash","decl":{"start":{"line":7,"column":0},"end":{"line":15,"column":2}},"loc":{"start":{"line":7,"column":0},"end":{"line":15,"column":2}},"line":7}},"f":{"0":4}}
,"/home/jim/dev/npmap5-plugins/markdown-handlebars/src/utils/toKeyValueArray.ts": {"path":"/home/jim/dev/npmap5-plugins/markdown-handlebars/src/utils/toKeyValueArray.ts","all":false,"statementMap":{"0":{"start":{"line":1,"column":0},"end":{"line":1,"column":103}},"1":{"start":{"line":2,"column":0},"end":{"line":2,"column":29}},"2":{"start":{"line":3,"column":0},"end":{"line":3,"column":16}},"3":{"start":{"line":4,"column":0},"end":{"line":4,"column":57}},"4":{"start":{"line":5,"column":0},"end":{"line":5,"column":36}},"5":{"start":{"line":6,"column":0},"end":{"line":6,"column":14}},"6":{"start":{"line":7,"column":0},"end":{"line":7,"column":58}},"7":{"start":{"line":8,"column":0},"end":{"line":8,"column":36}},"8":{"start":{"line":9,"column":0},"end":{"line":9,"column":14}},"9":{"start":{"line":10,"column":0},"end":{"line":10,"column":41}},"10":{"start":{"line":11,"column":0},"end":{"line":11,"column":57}},"11":{"start":{"line":12,"column":0},"end":{"line":12,"column":23}},"12":{"start":{"line":13,"column":0},"end":{"line":13,"column":35}},"13":{"start":{"line":14,"column":0},"end":{"line":14,"column":12}},"14":{"start":{"line":15,"column":0},"end":{"line":15,"column":25}},"15":{"start":{"line":16,"column":0},"end":{"line":16,"column":5}},"16":{"start":{"line":17,"column":0},"end":{"line":17,"column":1}}},"s":{"0":19,"1":19,"2":8,"3":8,"4":16,"5":1,"6":1,"7":11,"8":1,"9":1,"10":10,"11":6,"12":6,"13":9,"14":3,"15":3,"16":19},"branchMap":{"0":{"type":"branch","line":1,"loc":{"start":{"line":1,"column":0},"end":{"line":17,"column":1}},"locations":[{"start":{"line":1,"column":0},"end":{"line":17,"column":1}}]},"1":{"type":"branch","line":2,"loc":{"start":{"line":2,"column":28},"end":{"line":16,"column":5}},"locations":[{"start":{"line":2,"column":28},"end":{"line":16,"column":5}}]},"2":{"type":"branch","line":2,"loc":{"start":{"line":2,"column":28},"end":{"line":5,"column":11}},"locations":[{"start":{"line":2,"column":28},"end":{"line":5,"column":11}}]},"3":{"type":"branch","line":5,"loc":{"start":{"line":5,"column":5},"end":{"line":16,"column":5}},"locations":[{"start":{"line":5,"column":5},"end":{"line":16,"column":5}}]},"4":{"type":"branch","line":5,"loc":{"start":{"line":5,"column":35},"end":{"line":8,"column":11}},"locations":[{"start":{"line":5,"column":35},"end":{"line":8,"column":11}}]},"5":{"type":"branch","line":8,"loc":{"start":{"line":8,"column":5},"end":{"line":16,"column":5}},"locations":[{"start":{"line":8,"column":5},"end":{"line":16,"column":5}}]},"6":{"type":"branch","line":8,"loc":{"start":{"line":8,"column":35},"end":{"line":11,"column":11}},"locations":[{"start":{"line":8,"column":35},"end":{"line":11,"column":11}}]},"7":{"type":"branch","line":11,"loc":{"start":{"line":11,"column":5},"end":{"line":16,"column":5}},"locations":[{"start":{"line":11,"column":5},"end":{"line":16,"column":5}}]},"8":{"type":"branch","line":11,"loc":{"start":{"line":11,"column":38},"end":{"line":11,"column":54}},"locations":[{"start":{"line":11,"column":38},"end":{"line":11,"column":54}}]},"9":{"type":"branch","line":11,"loc":{"start":{"line":11,"column":56},"end":{"line":14,"column":11}},"locations":[{"start":{"line":11,"column":56},"end":{"line":14,"column":11}}]},"10":{"type":"branch","line":14,"loc":{"start":{"line":14,"column":5},"end":{"line":16,"column":5}},"locations":[{"start":{"line":14,"column":5},"end":{"line":16,"column":5}}]},"11":{"type":"branch","line":4,"loc":{"start":{"line":4,"column":23},"end":{"line":4,"column":55}},"locations":[{"start":{"line":4,"column":23},"end":{"line":4,"column":55}}]},"12":{"type":"branch","line":7,"loc":{"start":{"line":7,"column":31},"end":{"line":7,"column":56}},"locations":[{"start":{"line":7,"column":31},"end":{"line":7,"column":56}}]}},"b":{"0":[19],"1":[16],"2":[8],"3":[11],"4":[1],"5":[10],"6":[1],"7":[9],"8":[7],"9":[6],"10":[3],"11":[18],"12":[3]},"fnMap":{"0":{"name":"toKeyValueArray","decl":{"start":{"line":1,"column":0},"end":{"line":17,"column":1}},"loc":{"start":{"line":1,"column":0},"end":{"line":17,"column":1}},"line":1}},"f":{"0":19}}
,"/home/jim/dev/npmap5-plugins/markdown-handlebars/src/utils/toTitleCase.ts": {"path":"/home/jim/dev/npmap5-plugins/markdown-handlebars/src/utils/toTitleCase.ts","all":false,"statementMap":{"0":{"start":{"line":1,"column":0},"end":{"line":1,"column":37}},"1":{"start":{"line":2,"column":0},"end":{"line":2,"column":0}},"2":{"start":{"line":3,"column":0},"end":{"line":3,"column":3}},"3":{"start":{"line":4,"column":0},"end":{"line":4,"column":69}},"4":{"start":{"line":5,"column":0},"end":{"line":5,"column":36}},"5":{"start":{"line":6,"column":0},"end":{"line":6,"column":33}},"6":{"start":{"line":7,"column":0},"end":{"line":7,"column":3}},"7":{"start":{"line":8,"column":0},"end":{"line":8,"column":27}},"8":{"start":{"line":9,"column":0},"end":{"line":9,"column":8}},"9":{"start":{"line":10,"column":0},"end":{"line":10,"column":9}},"10":{"start":{"line":11,"column":0},"end":{"line":11,"column":10}},"11":{"start":{"line":12,"column":0},"end":{"line":12,"column":9}},"12":{"start":{"line":13,"column":0},"end":{"line":13,"column":10}},"13":{"start":{"line":14,"column":0},"end":{"line":14,"column":9}},"14":{"start":{"line":15,"column":0},"end":{"line":15,"column":10}},"15":{"start":{"line":16,"column":0},"end":{"line":16,"column":9}},"16":{"start":{"line":17,"column":0},"end":{"line":17,"column":10}},"17":{"start":{"line":18,"column":0},"end":{"line":18,"column":9}},"18":{"start":{"line":19,"column":0},"end":{"line":19,"column":9}},"19":{"start":{"line":20,"column":0},"end":{"line":20,"column":9}},"20":{"start":{"line":21,"column":0},"end":{"line":21,"column":9}},"21":{"start":{"line":22,"column":0},"end":{"line":22,"column":10}},"22":{"start":{"line":23,"column":0},"end":{"line":23,"column":9}},"23":{"start":{"line":24,"column":0},"end":{"line":24,"column":9}},"24":{"start":{"line":25,"column":0},"end":{"line":25,"column":10}},"25":{"start":{"line":26,"column":0},"end":{"line":26,"column":2}},"26":{"start":{"line":27,"column":0},"end":{"line":27,"column":111}},"27":{"start":{"line":28,"column":0},"end":{"line":28,"column":24}},"28":{"start":{"line":29,"column":0},"end":{"line":29,"column":47}},"29":{"start":{"line":30,"column":0},"end":{"line":30,"column":22}},"30":{"start":{"line":31,"column":0},"end":{"line":31,"column":0}},"31":{"start":{"line":32,"column":0},"end":{"line":32,"column":44}},"32":{"start":{"line":33,"column":0},"end":{"line":33,"column":30}},"33":{"start":{"line":34,"column":0},"end":{"line":34,"column":0}},"34":{"start":{"line":35,"column":0},"end":{"line":35,"column":52}},"35":{"start":{"line":36,"column":0},"end":{"line":36,"column":70}},"36":{"start":{"line":37,"column":0},"end":{"line":37,"column":16}},"37":{"start":{"line":38,"column":0},"end":{"line":38,"column":30}},"38":{"start":{"line":39,"column":0},"end":{"line":39,"column":9}},"39":{"start":{"line":40,"column":0},"end":{"line":40,"column":5}},"40":{"start":{"line":41,"column":0},"end":{"line":41,"column":28}},"41":{"start":{"line":42,"column":0},"end":{"line":42,"column":1}}},"s":{"0":1,"1":1,"2":1,"3":1,"4":1,"5":1,"6":1,"7":1,"8":1,"9":1,"10":1,"11":1,"12":1,"13":1,"14":1,"15":1,"16":1,"17":1,"18":1,"19":1,"20":1,"21":1,"22":1,"23":1,"24":1,"25":1,"26":8,"27":8,"28":8,"29":8,"30":8,"31":8,"32":24,"33":24,"34":24,"35":21,"36":24,"37":3,"38":3,"39":24,"40":8,"41":8},"branchMap":{"0":{"type":"branch","line":27,"loc":{"start":{"line":27,"column":0},"end":{"line":42,"column":1}},"locations":[{"start":{"line":27,"column":0},"end":{"line":42,"column":1}}]},"1":{"type":"branch","line":32,"loc":{"start":{"line":32,"column":43},"end":{"line":40,"column":5}},"locations":[{"start":{"line":32,"column":43},"end":{"line":40,"column":5}}]},"2":{"type":"branch","line":35,"loc":{"start":{"line":35,"column":19},"end":{"line":35,"column":49}},"locations":[{"start":{"line":35,"column":19},"end":{"line":35,"column":49}}]},"3":{"type":"branch","line":35,"loc":{"start":{"line":35,"column":51},"end":{"line":37,"column":15}},"locations":[{"start":{"line":35,"column":51},"end":{"line":37,"column":15}}]},"4":{"type":"branch","line":37,"loc":{"start":{"line":37,"column":9},"end":{"line":39,"column":9}},"locations":[{"start":{"line":37,"column":9},"end":{"line":39,"column":9}}]}},"b":{"0":[8],"1":[24],"2":[16],"3":[21],"4":[3]},"fnMap":{"0":{"name":"toTitleCase","decl":{"start":{"line":27,"column":0},"end":{"line":42,"column":1}},"loc":{"start":{"line":27,"column":0},"end":{"line":42,"column":1}},"line":27}},"f":{"0":8}}
}
