TN:
SF:src/lintHelper.ts
FN:23,LintHelper
FN:33,parseErrorMessage
FN:41,getPosition
FN:45,getPosition
FN:77,getPosition
FN:103,getPosition
FN:114,getPosition
FN:188,findFailingExp
FN:207,columnToLineCol
FN:227,toException
FNF:10
FNH:9
FNDA:1,LintHelper
FNDA:5,parseErrorMessage
FNDA:1,getPosition
FNDA:0,getPosition
FNDA:1,getPosition
FNDA:2,getPosition
FNDA:1,getPosition
FNDA:4,findFailingExp
FNDA:6,columnToLineCol
FNDA:2,toException
DA:1,1
DA:2,1
DA:3,1
DA:4,1
DA:5,1
DA:6,1
DA:7,1
DA:8,1
DA:9,1
DA:10,1
DA:11,1
DA:12,1
DA:13,1
DA:14,1
DA:15,1
DA:16,1
DA:17,1
DA:18,1
DA:19,1
DA:20,1
DA:21,1
DA:22,1
DA:23,1
DA:24,1
DA:25,1
DA:26,1
DA:27,1
DA:28,1
DA:29,1
DA:30,1
DA:31,1
DA:32,1
DA:33,1
DA:34,5
DA:35,5
DA:36,5
DA:37,5
DA:38,5
DA:39,5
DA:40,5
DA:41,5
DA:42,5
DA:43,5
DA:44,5
DA:45,5
DA:46,0
DA:47,0
DA:48,0
DA:49,0
DA:50,0
DA:51,0
DA:52,0
DA:53,0
DA:54,0
DA:55,0
DA:56,0
DA:57,0
DA:58,0
DA:59,0
DA:60,0
DA:61,0
DA:62,0
DA:63,0
DA:64,0
DA:65,0
DA:66,0
DA:67,0
DA:68,0
DA:69,0
DA:70,0
DA:71,0
DA:72,0
DA:73,0
DA:74,5
DA:75,5
DA:76,5
DA:77,5
DA:78,1
DA:79,1
DA:80,1
DA:81,1
DA:82,1
DA:83,1
DA:84,1
DA:85,1
DA:86,1
DA:87,1
DA:88,1
DA:89,1
DA:90,1
DA:91,1
DA:92,1
DA:93,1
DA:94,0
DA:95,0
DA:96,0
DA:97,0
DA:98,0
DA:99,5
DA:100,5
DA:101,5
DA:102,5
DA:103,5
DA:104,2
DA:105,2
DA:106,2
DA:107,2
DA:108,2
DA:109,2
DA:110,5
DA:111,5
DA:112,5
DA:113,5
DA:114,5
DA:115,1
DA:116,1
DA:117,1
DA:118,1
DA:119,1
DA:120,0
DA:121,0
DA:122,0
DA:123,0
DA:124,0
DA:125,0
DA:126,0
DA:127,0
DA:128,0
DA:129,0
DA:130,0
DA:131,0
DA:132,1
DA:133,1
DA:134,1
DA:135,1
DA:136,1
DA:137,1
DA:138,5
DA:139,5
DA:140,5
DA:141,5
DA:142,5
DA:143,5
DA:144,5
DA:145,5
DA:146,5
DA:147,5
DA:148,5
DA:149,5
DA:150,5
DA:151,5
DA:152,5
DA:153,5
DA:154,5
DA:155,5
DA:156,17
DA:157,17
DA:158,5
DA:159,5
DA:160,5
DA:161,17
DA:162,5
DA:163,5
DA:164,5
DA:165,5
DA:166,5
DA:167,5
DA:168,5
DA:169,5
DA:170,5
DA:171,5
DA:172,5
DA:173,5
DA:174,5
DA:175,5
DA:176,5
DA:177,5
DA:178,5
DA:179,5
DA:180,5
DA:181,1
DA:182,1
DA:183,1
DA:184,1
DA:185,1
DA:186,1
DA:187,1
DA:188,1
DA:189,4
DA:190,6
DA:191,6
DA:192,6
DA:193,6
DA:194,1
DA:195,1
DA:196,6
DA:197,3
DA:198,3
DA:199,1
DA:200,1
DA:201,1
DA:202,1
DA:203,1
DA:204,1
DA:205,1
DA:206,1
DA:207,1
DA:208,6
DA:209,6
DA:210,6
DA:211,6
DA:212,13
DA:213,13
DA:214,6
DA:215,6
DA:216,7
DA:217,7
DA:218,0
DA:219,0
DA:220,0
DA:221,1
DA:222,1
DA:223,1
DA:224,1
DA:225,1
DA:226,1
DA:227,1
DA:228,2
DA:229,2
DA:230,2
DA:231,1
DA:232,1
DA:233,1
DA:234,1
DA:235,1
DA:236,1
DA:237,1
DA:238,1
DA:239,0
DA:240,0
DA:241,0
DA:242,2
DA:243,2
DA:244,2
DA:245,1
DA:246,1
LF:246
LH:195
BRDA:23,0,0,1
BRDA:33,1,0,5
BRDA:155,2,0,17
BRDA:157,3,0,5
BRDA:165,4,0,2
BRDA:166,5,0,2
BRDA:167,6,0,2
BRDA:168,7,0,0
BRDA:169,8,0,1
BRDA:170,9,0,0
BRDA:177,10,0,0
BRDA:41,11,0,1
BRDA:41,12,0,0
BRDA:77,13,0,1
BRDA:93,14,0,0
BRDA:103,15,0,2
BRDA:114,16,0,1
BRDA:119,17,0,0
BRDA:188,18,0,4
BRDA:189,19,0,6
BRDA:193,20,0,1
BRDA:197,21,0,3
BRDA:207,22,0,6
BRDA:211,23,0,13
BRDA:213,24,0,6
BRDA:216,25,0,7
BRDA:218,26,0,0
BRDA:227,27,0,2
BRDA:230,28,0,1
BRDA:238,29,0,0
BRF:30
BRH:22
end_of_record
TN:
SF:src/handlebars/all.ts
FN:6,all
FNF:1
FNH:1
FNDA:5,all
DA:1,1
DA:2,1
DA:3,1
DA:4,1
DA:5,1
DA:6,5
DA:7,5
DA:8,5
DA:9,5
DA:10,5
DA:11,5
DA:12,5
LF:12
LH:12
BRDA:6,0,0,5
BRDA:11,1,0,4
BRDA:11,2,0,1
BRDA:11,3,0,4
BRF:4
BRH:4
end_of_record
TN:
SF:src/handlebars/any.ts
FN:8,any
FNF:1
FNH:1
FNDA:3,any
DA:1,1
DA:2,1
DA:3,1
DA:4,1
DA:5,1
DA:6,1
DA:7,1
DA:8,3
DA:9,3
DA:10,3
LF:10
LH:10
BRDA:8,0,0,3
BRDA:9,1,0,7
BRF:2
BRH:2
end_of_record
TN:
SF:src/handlebars/coalesce.ts
FN:8,coalesce
FNF:1
FNH:1
FNDA:5,coalesce
DA:1,1
DA:2,1
DA:3,1
DA:4,1
DA:5,1
DA:6,1
DA:7,1
DA:8,5
DA:9,5
DA:10,5
DA:11,5
DA:12,5
DA:13,5
LF:13
LH:13
BRDA:8,0,0,5
BRDA:12,1,0,4
BRDA:12,2,0,1
BRDA:11,3,0,18
BRDA:11,4,0,7
BRDA:11,5,0,7
BRF:6
BRH:6
end_of_record
TN:
SF:src/handlebars/color.ts
FN:10,color
FNF:1
FNH:1
FNDA:2,color
DA:1,1
DA:2,1
DA:3,1
DA:4,1
DA:5,1
DA:6,1
DA:7,1
DA:8,1
DA:9,1
DA:10,2
DA:11,2
DA:12,2
DA:13,2
DA:14,2
DA:15,2
DA:16,2
DA:17,2
DA:18,2
DA:19,2
DA:20,2
DA:21,2
DA:22,2
DA:23,2
DA:24,2
LF:24
LH:24
BRDA:10,0,0,2
BRDA:20,1,0,0
BRF:2
BRH:1
end_of_record
TN:
SF:src/handlebars/datetime.ts
FN:12,datetime
FNF:1
FNH:1
FNDA:2,datetime
DA:1,1
DA:2,1
DA:3,1
DA:4,1
DA:5,1
DA:6,1
DA:7,1
DA:8,1
DA:9,1
DA:10,1
DA:11,1
DA:12,2
DA:13,2
DA:14,2
DA:15,2
DA:16,2
DA:17,2
DA:18,2
DA:19,2
DA:20,2
DA:21,2
DA:22,2
DA:23,2
LF:23
LH:23
BRDA:12,0,0,2
BRDA:13,1,0,0
BRDA:19,2,0,1
BRDA:19,3,0,1
BRF:4
BRH:3
end_of_record
TN:
SF:src/handlebars/each.ts
FN:12,default_1
FNF:1
FNH:1
FNDA:5,default_1
DA:1,1
DA:2,1
DA:3,1
DA:4,1
DA:5,1
DA:6,1
DA:7,1
DA:8,1
DA:9,1
DA:10,1
DA:11,1
DA:12,5
DA:13,5
DA:14,5
DA:15,5
DA:16,5
DA:17,5
DA:18,1
DA:19,1
DA:20,4
DA:21,4
DA:22,4
DA:23,4
DA:24,4
DA:25,4
DA:26,5
DA:27,0
DA:28,5
DA:29,0
DA:30,0
DA:31,0
DA:32,0
DA:33,0
DA:34,4
DA:35,4
DA:36,4
DA:37,4
DA:38,5
DA:39,4
DA:40,4
DA:41,4
DA:42,4
DA:43,6
DA:44,6
DA:45,6
DA:46,6
DA:47,6
DA:48,6
DA:49,6
DA:50,6
DA:51,6
DA:52,6
DA:53,6
DA:54,6
DA:55,6
DA:56,6
DA:57,4
DA:58,4
DA:59,4
DA:60,0
DA:61,0
DA:62,0
DA:63,4
DA:64,4
DA:65,5
DA:66,5
LF:66
LH:57
BRDA:12,0,0,5
BRDA:17,1,0,1
BRDA:20,2,0,4
BRDA:26,3,0,0
BRDA:28,4,0,4
BRDA:28,5,0,0
BRDA:38,6,0,4
BRDA:59,7,0,0
BRDA:65,8,0,2
BRDA:65,9,0,2
BRDA:42,10,0,6
BRDA:51,11,0,0
BRF:12
BRH:8
end_of_record
TN:
SF:src/handlebars/feature.ts
FN:20,feature
FNF:1
FNH:1
FNDA:1,feature
DA:1,1
DA:2,1
DA:3,1
DA:4,1
DA:5,1
DA:6,1
DA:7,1
DA:8,1
DA:9,1
DA:10,1
DA:11,1
DA:12,1
DA:13,1
DA:14,1
DA:15,1
DA:16,1
DA:17,1
DA:18,1
DA:19,1
DA:20,1
DA:21,1
DA:22,1
DA:23,1
LF:23
LH:23
BRDA:20,0,0,1
BRDA:21,1,0,0
BRDA:21,2,0,0
BRF:3
BRH:1
end_of_record
TN:
SF:src/handlebars/hash.ts
FN:9,hash
FNF:1
FNH:1
FNDA:4,hash
DA:1,1
DA:2,1
DA:3,1
DA:4,1
DA:5,1
DA:6,1
DA:7,1
DA:8,1
DA:9,4
DA:10,4
DA:11,4
DA:12,4
DA:13,4
DA:14,4
LF:14
LH:14
BRDA:9,0,0,4
BRDA:11,1,0,0
BRDA:13,2,0,5
BRF:3
BRH:2
end_of_record
TN:
SF:src/handlebars/htmlElement.ts
FN:22,htmlElement
FNF:1
FNH:1
FNDA:8,htmlElement
DA:1,1
DA:2,1
DA:3,1
DA:4,1
DA:5,1
DA:6,1
DA:7,1
DA:8,1
DA:9,1
DA:10,1
DA:11,1
DA:12,1
DA:13,1
DA:14,1
DA:15,1
DA:16,1
DA:17,1
DA:18,1
DA:19,1
DA:20,1
DA:21,1
DA:22,8
DA:23,8
DA:24,8
DA:25,8
DA:26,8
DA:27,8
DA:28,8
DA:29,1
DA:30,1
DA:31,1
DA:32,8
DA:33,8
DA:34,0
DA:35,0
DA:36,8
DA:37,8
DA:38,8
DA:39,8
DA:40,8
DA:41,8
DA:42,7
DA:43,8
DA:44,8
DA:45,8
DA:46,8
DA:47,8
DA:48,8
DA:49,8
DA:50,8
LF:50
LH:48
BRDA:22,0,0,8
BRDA:28,1,0,1
BRDA:28,2,0,1
BRDA:33,3,0,0
BRDA:41,4,0,2
BRDA:46,5,0,0
BRDA:41,6,0,7
BRF:7
BRH:5
end_of_record
TN:
SF:src/handlebars/icon.ts
FN:4,handleArgs
FN:5,isOptions
FN:27,icon
FNF:3
FNH:3
FNDA:2,handleArgs
FNDA:6,isOptions
FNDA:2,icon
DA:1,1
DA:2,1
DA:3,1
DA:4,1
DA:5,2
DA:6,2
DA:7,2
DA:8,2
DA:9,2
DA:10,6
DA:11,2
DA:12,6
DA:13,2
DA:14,2
DA:15,2
DA:16,2
DA:17,2
DA:18,2
DA:19,1
DA:20,1
DA:21,1
DA:22,1
DA:23,1
DA:24,1
DA:25,1
DA:26,1
DA:27,2
DA:28,2
DA:29,2
DA:30,2
DA:31,2
DA:32,2
DA:33,2
DA:34,2
DA:35,2
DA:36,1
DA:37,1
DA:38,1
DA:39,1
DA:40,1
DA:41,1
DA:42,1
DA:43,1
DA:44,1
DA:45,1
DA:46,1
DA:47,1
DA:48,1
DA:49,1
DA:50,1
DA:51,1
DA:52,1
DA:53,1
DA:54,1
DA:55,1
DA:56,1
DA:57,1
DA:58,1
DA:59,1
DA:60,1
LF:60
LH:60
BRDA:4,0,0,2
BRDA:17,1,0,0
BRDA:5,2,0,6
BRDA:5,3,0,2
BRDA:9,4,0,6
BRDA:10,5,0,2
BRDA:12,6,0,4
BRDA:12,7,0,2
BRDA:27,8,0,2
BRDA:33,9,0,1
BRDA:35,10,0,1
BRDA:43,11,0,0
BRDA:51,12,0,0
BRF:13
BRH:10
end_of_record
TN:
SF:src/handlebars/ifCompare.ts
FN:7,!=
FN:8,!==
FN:9,==
FN:10,===
FN:11,<
FN:12,<=
FN:13,>
FN:14,>=
FN:15,&&
FN:16,||
FN:19,ifCompare
FNF:11
FNH:11
FNDA:2,!=
FNDA:2,!==
FNDA:2,==
FNDA:2,===
FNDA:2,<
FNDA:2,<=
FNDA:2,>
FNDA:2,>=
FNDA:2,&&
FNDA:2,||
FNDA:21,ifCompare
DA:1,1
DA:2,1
DA:3,1
DA:4,1
DA:5,1
DA:6,1
DA:7,1
DA:8,1
DA:9,1
DA:10,1
DA:11,1
DA:12,1
DA:13,1
DA:14,1
DA:15,1
DA:16,1
DA:17,1
DA:18,1
DA:19,21
DA:20,21
DA:21,21
DA:22,21
DA:23,21
DA:24,21
DA:25,21
DA:26,21
LF:26
LH:26
BRDA:7,0,0,2
BRDA:8,1,0,2
BRDA:9,2,0,2
BRDA:10,3,0,2
BRDA:11,4,0,2
BRDA:12,5,0,2
BRDA:13,6,0,2
BRDA:14,7,0,2
BRDA:15,8,0,2
BRDA:16,9,0,2
BRDA:19,10,0,21
BRDA:25,11,0,20
BRDA:25,12,0,10
BRDA:25,13,0,10
BRDA:25,14,0,1
BRF:15
BRH:15
end_of_record
TN:
SF:src/handlebars/ifCond.ts
FN:5,!=
FN:6,!==
FN:7,==
FN:8,===
FN:9,<
FN:10,<=
FN:11,>
FN:12,>=
FN:13,&&
FN:14,||
FN:15,!!
FN:18,ifCond
FN:33,inverse
FNF:13
FNH:10
FNDA:0,!=
FNDA:2,!==
FNDA:2,==
FNDA:2,===
FNDA:2,<
FNDA:2,<=
FNDA:2,>
FNDA:0,>=
FNDA:4,&&
FNDA:0,||
FNDA:4,!!
FNDA:20,ifCond
FNDA:5,inverse
DA:1,1
DA:2,1
DA:3,1
DA:4,1
DA:5,1
DA:6,1
DA:7,1
DA:8,1
DA:9,1
DA:10,1
DA:11,1
DA:12,1
DA:13,1
DA:14,1
DA:15,1
DA:16,1
DA:17,1
DA:18,20
DA:19,20
DA:20,20
DA:21,20
DA:22,20
DA:23,20
DA:24,20
DA:25,20
DA:26,20
DA:27,4
DA:28,4
DA:29,4
DA:30,4
DA:31,20
DA:32,20
DA:33,20
DA:34,20
DA:35,20
LF:35
LH:35
BRDA:6,0,0,2
BRDA:7,1,0,2
BRDA:8,2,0,2
BRDA:9,3,0,2
BRDA:10,4,0,2
BRDA:11,5,0,2
BRDA:13,6,0,4
BRDA:13,7,0,0
BRDA:15,8,0,4
BRDA:18,9,0,20
BRDA:26,10,0,4
BRDA:26,11,0,4
BRDA:33,12,0,10
BRDA:33,13,0,10
BRDA:34,14,0,10
BRDA:34,15,0,10
BRDA:34,16,0,0
BRDA:33,17,0,5
BRF:18
BRH:16
end_of_record
TN:
SF:src/handlebars/is.ts
FN:8,is
FNF:1
FNH:1
FNDA:7,is
DA:1,1
DA:2,1
DA:3,1
DA:4,1
DA:5,1
DA:6,1
DA:7,1
DA:8,7
DA:9,7
DA:10,7
DA:11,7
DA:12,7
DA:13,2
DA:14,2
DA:15,7
DA:16,2
DA:17,2
DA:18,2
DA:19,5
DA:20,1
DA:21,1
DA:22,1
DA:23,6
DA:24,7
DA:25,7
LF:25
LH:25
BRDA:8,0,0,7
BRDA:12,1,0,2
BRDA:15,2,0,5
BRDA:15,3,0,2
BRDA:19,4,0,3
BRDA:19,5,0,1
BRDA:23,6,0,6
BRDA:24,7,0,3
BRDA:24,8,0,3
BRF:9
BRH:9
end_of_record
TN:
SF:src/handlebars/join.ts
FN:11,join
FNF:1
FNH:1
FNDA:7,join
DA:1,1
DA:2,1
DA:3,1
DA:4,1
DA:5,1
DA:6,1
DA:7,1
DA:8,1
DA:9,1
DA:10,1
DA:11,7
DA:12,7
DA:13,7
DA:14,7
DA:15,1
DA:16,1
DA:17,7
DA:18,7
DA:19,7
DA:20,7
DA:21,7
DA:22,7
DA:23,7
LF:23
LH:23
BRDA:11,0,0,7
BRDA:14,1,0,2
BRDA:14,2,0,1
BRDA:19,3,0,18
BRF:4
BRH:4
end_of_record
TN:
SF:src/handlebars/json.ts
FN:8,json
FNF:1
FNH:1
FNDA:1,json
DA:1,1
DA:2,1
DA:3,1
DA:4,1
DA:5,1
DA:6,1
DA:7,1
DA:8,1
DA:9,1
DA:10,1
DA:11,1
DA:12,1
DA:13,1
DA:14,0
DA:15,0
DA:16,0
DA:17,0
DA:18,1
DA:19,1
DA:20,1
DA:21,1
DA:22,1
DA:23,1
DA:24,1
DA:25,1
DA:26,1
DA:27,1
DA:28,1
DA:29,1
DA:30,1
DA:31,1
DA:32,0
DA:33,0
DA:34,1
LF:34
LH:28
BRDA:8,0,0,1
BRDA:13,1,0,0
BRDA:23,2,0,0
BRDA:31,3,0,0
BRF:4
BRH:1
end_of_record
TN:
SF:src/handlebars/jsonMap.ts
FN:14,jsonMap
FNF:1
FNH:1
FNDA:7,jsonMap
DA:1,1
DA:2,1
DA:3,1
DA:4,1
DA:5,1
DA:6,1
DA:7,1
DA:8,1
DA:9,1
DA:10,1
DA:11,1
DA:12,1
DA:13,1
DA:14,7
DA:15,7
DA:16,7
DA:17,7
DA:18,7
DA:19,7
DA:20,7
DA:21,7
DA:22,7
DA:23,7
DA:24,7
DA:25,7
DA:26,7
DA:27,12
DA:28,12
DA:29,12
DA:30,12
DA:31,12
DA:32,12
DA:33,12
DA:34,12
DA:35,12
DA:36,12
DA:37,12
DA:38,7
DA:39,7
DA:40,7
DA:41,7
DA:42,7
DA:43,7
DA:44,7
DA:45,7
LF:45
LH:45
BRDA:14,0,0,7
BRDA:16,1,0,0
BRDA:16,2,0,0
BRDA:17,3,0,0
BRDA:17,4,0,0
BRDA:18,5,0,0
BRDA:22,6,0,6
BRDA:22,7,0,0
BRDA:22,8,0,6
BRDA:22,9,0,6
BRDA:22,10,0,0
BRDA:22,11,0,6
BRDA:22,12,0,6
BRDA:22,13,0,0
BRDA:22,14,0,6
BRDA:26,15,0,12
BRDA:29,16,0,0
BRDA:31,17,0,0
BRDA:31,18,0,0
BRF:19
BRH:8
end_of_record
TN:
SF:src/handlebars/link.ts
FN:9,link
FNF:1
FNH:1
FNDA:2,link
DA:1,1
DA:2,1
DA:3,1
DA:4,1
DA:5,1
DA:6,1
DA:7,1
DA:8,1
DA:9,2
DA:10,2
DA:11,2
DA:12,2
DA:13,2
DA:14,2
DA:15,2
DA:16,2
DA:17,2
LF:17
LH:17
BRDA:9,0,0,2
BRF:1
BRH:1
end_of_record
TN:
SF:src/handlebars/math.ts
FN:5,+
FN:6,-
FN:7,*
FN:8,/
FN:9,%
FN:10,&
FN:11,|
FN:12,^
FN:13,<<
FN:14,>>
FN:24,math
FNF:11
FNH:1
FNDA:0,+
FNDA:0,-
FNDA:0,*
FNDA:0,/
FNDA:0,%
FNDA:0,&
FNDA:0,|
FNDA:0,^
FNDA:0,<<
FNDA:0,>>
FNDA:11,math
DA:1,1
DA:2,1
DA:3,1
DA:4,1
DA:5,1
DA:6,1
DA:7,1
DA:8,1
DA:9,1
DA:10,1
DA:11,1
DA:12,1
DA:13,1
DA:14,1
DA:15,1
DA:16,1
DA:17,1
DA:18,1
DA:19,1
DA:20,1
DA:21,1
DA:22,1
DA:23,1
DA:24,11
DA:25,11
DA:26,11
DA:27,11
DA:28,11
DA:29,11
DA:30,11
DA:31,11
DA:32,11
DA:33,11
DA:34,11
DA:35,11
DA:36,8
DA:37,11
DA:38,2
DA:39,3
DA:40,1
DA:41,1
DA:42,11
LF:42
LH:42
BRDA:24,0,0,11
BRDA:31,1,0,3
BRDA:32,2,0,1
BRDA:35,3,0,8
BRDA:37,4,0,3
BRDA:37,5,0,2
BRDA:39,6,0,1
BRDA:40,7,0,0
BRDA:28,8,0,13
BRDA:28,9,0,0
BRF:10
BRH:8
end_of_record
TN:
SF:src/handlebars/regexpMatch.ts
FN:10,regexpMatch
FNF:1
FNH:1
FNDA:4,regexpMatch
DA:1,1
DA:2,1
DA:3,1
DA:4,1
DA:5,1
DA:6,1
DA:7,1
DA:8,1
DA:9,1
DA:10,4
DA:11,4
DA:12,4
DA:13,4
DA:14,4
DA:15,4
DA:16,2
DA:17,2
DA:18,2
DA:19,2
DA:20,2
DA:21,2
DA:22,2
DA:23,2
DA:24,2
LF:24
LH:24
BRDA:10,0,0,4
BRDA:12,1,0,2
BRDA:15,2,0,2
BRF:3
BRH:3
end_of_record
TN:
SF:src/handlebars/regexpReplace.ts
FN:11,regexpReplace
FNF:1
FNH:1
FNDA:4,regexpReplace
DA:1,1
DA:2,1
DA:3,1
DA:4,1
DA:5,1
DA:6,1
DA:7,1
DA:8,1
DA:9,1
DA:10,1
DA:11,4
DA:12,4
DA:13,4
DA:14,4
DA:15,4
DA:16,4
DA:17,4
DA:18,4
DA:19,4
DA:20,2
DA:21,2
DA:22,2
DA:23,2
DA:24,2
DA:25,2
DA:26,2
DA:27,2
DA:28,2
LF:28
LH:28
BRDA:11,0,0,4
BRDA:13,1,0,0
BRDA:16,2,0,2
BRDA:19,3,0,2
BRF:4
BRH:3
end_of_record
TN:
SF:src/handlebars/set.ts
FN:8,default_1
FNF:1
FNH:1
FNDA:2,default_1
DA:1,1
DA:2,1
DA:3,1
DA:4,1
DA:5,1
DA:6,1
DA:7,1
DA:8,2
DA:9,2
DA:10,2
DA:11,4
DA:12,2
DA:13,2
LF:13
LH:13
BRDA:8,0,0,2
BRDA:10,1,0,4
BRF:2
BRH:2
end_of_record
TN:
SF:src/handlebars/split.ts
FN:11,split
FNF:1
FNH:1
FNDA:3,split
DA:1,1
DA:2,1
DA:3,1
DA:4,1
DA:5,1
DA:6,1
DA:7,1
DA:8,1
DA:9,1
DA:10,1
DA:11,3
DA:12,3
DA:13,3
DA:14,3
DA:15,3
DA:16,3
LF:16
LH:16
BRDA:11,0,0,3
BRDA:13,1,0,2
BRDA:13,2,0,1
BRDA:15,3,0,0
BRDA:15,4,0,9
BRF:5
BRH:4
end_of_record
TN:
SF:src/handlebars/table.ts
FN:14,createRow
FN:33,table
FNF:2
FNH:2
FNDA:4,createRow
FNDA:4,table
DA:1,1
DA:2,1
DA:3,1
DA:4,1
DA:5,1
DA:6,1
DA:7,1
DA:8,1
DA:9,1
DA:10,1
DA:11,1
DA:12,1
DA:13,1
DA:14,4
DA:15,4
DA:16,4
DA:17,4
DA:18,2
DA:19,2
DA:20,2
DA:21,4
DA:22,4
DA:23,4
DA:24,1
DA:25,1
DA:26,1
DA:27,1
DA:28,1
DA:29,1
DA:30,1
DA:31,1
DA:32,1
DA:33,4
DA:34,4
DA:35,2
DA:36,2
DA:37,2
DA:38,4
DA:39,4
DA:40,4
DA:41,4
DA:42,4
DA:43,4
DA:44,4
DA:45,4
DA:46,4
DA:47,4
DA:48,4
DA:49,4
DA:50,4
LF:50
LH:50
BRDA:14,0,0,4
BRDA:17,1,0,2
BRDA:22,2,0,0
BRDA:33,3,0,4
BRDA:34,4,0,2
BRDA:36,5,0,1
BRDA:36,6,0,1
BRDA:36,7,0,1
BRDA:36,8,0,1
BRDA:36,9,0,1
BRDA:36,10,0,1
BRDA:39,11,0,0
BRF:12
BRH:10
end_of_record
TN:
SF:src/handlebars/timediff.ts
FN:12,timediff
FNF:1
FNH:1
FNDA:2,timediff
DA:1,1
DA:2,1
DA:3,1
DA:4,1
DA:5,1
DA:6,1
DA:7,1
DA:8,1
DA:9,1
DA:10,1
DA:11,1
DA:12,2
DA:13,2
DA:14,2
DA:15,2
DA:16,2
DA:17,2
DA:18,2
DA:19,2
DA:20,2
DA:21,2
DA:22,2
DA:23,2
DA:24,2
LF:24
LH:24
BRDA:12,0,0,2
BRDA:14,1,0,1
BRF:2
BRH:2
end_of_record
TN:
SF:src/handlebars/timediffStr.ts
FN:10,parseTime2
FN:34,timediffStr
FNF:2
FNH:2
FNDA:4,parseTime2
FNDA:2,timediffStr
DA:1,1
DA:2,1
DA:3,1
DA:4,1
DA:5,1
DA:6,1
DA:7,1
DA:8,1
DA:9,1
DA:10,4
DA:11,4
DA:12,4
DA:13,4
DA:14,4
DA:15,4
DA:16,4
DA:17,4
DA:18,0
DA:19,0
DA:20,0
DA:21,0
DA:22,4
DA:23,4
DA:24,4
DA:25,1
DA:26,1
DA:27,1
DA:28,1
DA:29,1
DA:30,1
DA:31,1
DA:32,1
DA:33,1
DA:34,2
DA:35,2
DA:36,2
DA:37,2
DA:38,2
DA:39,2
DA:40,2
DA:41,2
DA:42,2
DA:43,2
DA:44,2
DA:45,2
DA:46,1
DA:47,1
DA:48,1
DA:49,1
DA:50,2
LF:50
LH:46
BRDA:10,0,0,4
BRDA:15,1,0,0
BRDA:17,2,0,0
BRDA:34,3,0,2
BRDA:36,4,0,1
BRDA:45,5,0,1
BRF:6
BRH:4
end_of_record
TN:
SF:src/handlebars/toInt.ts
FN:6,convertToInt
FNF:1
FNH:1
FNDA:3,convertToInt
DA:1,1
DA:2,1
DA:3,1
DA:4,1
DA:5,1
DA:6,3
DA:7,3
DA:8,3
LF:8
LH:8
BRDA:6,0,0,3
BRF:1
BRH:1
end_of_record
TN:
SF:src/handlebars/toLowerCase.ts
FN:8,toLowerCase
FNF:1
FNH:1
FNDA:3,toLowerCase
DA:1,1
DA:2,1
DA:3,1
DA:4,1
DA:5,1
DA:6,1
DA:7,1
DA:8,3
DA:9,3
DA:10,3
LF:10
LH:10
BRDA:8,0,0,3
BRF:1
BRH:1
end_of_record
TN:
SF:src/handlebars/toNumber.ts
FN:9,convertToInt
FNF:1
FNH:1
FNDA:7,convertToInt
DA:1,1
DA:2,1
DA:3,1
DA:4,1
DA:5,1
DA:6,1
DA:7,1
DA:8,1
DA:9,7
DA:10,7
DA:11,7
LF:11
LH:11
BRDA:9,0,0,7
BRF:1
BRH:1
end_of_record
TN:
SF:src/handlebars/toString.ts
FN:9,convertToString
FNF:1
FNH:1
FNDA:3,convertToString
DA:1,1
DA:2,1
DA:3,1
DA:4,1
DA:5,1
DA:6,1
DA:7,1
DA:8,1
DA:9,3
DA:10,3
DA:11,3
LF:11
LH:11
BRDA:9,0,0,3
BRF:1
BRH:1
end_of_record
TN:
SF:src/handlebars/toTitleCase.ts
FN:8,toTitleCase
FNF:1
FNH:1
FNDA:3,toTitleCase
DA:1,1
DA:2,1
DA:3,1
DA:4,1
DA:5,1
DA:6,1
DA:7,1
DA:8,3
DA:9,3
DA:10,3
LF:10
LH:10
BRDA:8,0,0,3
BRF:1
BRH:1
end_of_record
TN:
SF:src/handlebars/toUpperCase.ts
FN:8,toUpperCase
FNF:1
FNH:1
FNDA:2,toUpperCase
DA:1,1
DA:2,1
DA:3,1
DA:4,1
DA:5,1
DA:6,1
DA:7,1
DA:8,2
DA:9,2
DA:10,2
LF:10
LH:10
BRDA:8,0,0,2
BRF:1
BRH:1
end_of_record
TN:
SF:src/handlebars/truncate.ts
FN:14,truncateString
FN:48,fn
FNF:2
FNH:2
FNDA:5,truncateString
FNDA:5,fn
DA:1,1
DA:2,1
DA:3,1
DA:4,1
DA:5,1
DA:6,1
DA:7,1
DA:8,1
DA:9,1
DA:10,1
DA:11,1
DA:12,1
DA:13,1
DA:14,5
DA:15,5
DA:16,5
DA:17,5
DA:18,5
DA:19,5
DA:20,5
DA:21,5
DA:22,5
DA:23,0
DA:24,0
DA:25,0
DA:26,5
DA:27,5
DA:28,5
DA:29,2
DA:30,2
DA:31,5
DA:32,5
DA:33,5
DA:34,5
DA:35,5
DA:36,5
DA:37,5
DA:38,5
DA:39,5
DA:40,5
DA:41,5
DA:42,5
DA:43,5
DA:44,5
DA:45,5
DA:46,5
DA:47,5
DA:48,5
DA:49,5
DA:50,5
LF:50
LH:47
BRDA:14,0,0,5
BRDA:22,1,0,0
BRDA:28,2,0,2
BRDA:38,3,0,2
BRDA:38,4,0,3
BRDA:48,5,0,5
BRF:6
BRH:5
end_of_record
TN:
SF:src/utils/anyToArray.ts
FN:13,anyToArray
FNF:1
FNH:1
FNDA:12,anyToArray
DA:1,1
DA:2,1
DA:3,1
DA:4,1
DA:5,1
DA:6,1
DA:7,1
DA:8,1
DA:9,1
DA:10,1
DA:11,1
DA:12,1
DA:13,12
DA:14,12
DA:15,12
DA:16,12
DA:17,12
DA:18,12
DA:19,12
DA:20,12
DA:21,12
DA:22,12
DA:23,12
DA:24,12
DA:25,12
DA:26,12
DA:27,12
DA:28,12
DA:29,10
DA:30,10
DA:31,10
DA:32,10
DA:33,10
DA:34,10
DA:35,10
DA:36,10
DA:37,12
DA:38,2
DA:39,2
DA:40,2
DA:41,12
DA:42,2
DA:43,2
DA:44,2
DA:45,10
DA:46,10
DA:47,10
DA:48,10
LF:48
LH:48
BRDA:13,0,0,12
BRDA:18,1,0,0
BRDA:28,2,0,10
BRDA:33,3,0,0
BRDA:37,4,0,2
BRDA:41,5,0,2
BRDA:45,6,0,10
BRDA:36,7,0,18
BRF:8
BRH:6
end_of_record
TN:
SF:src/utils/anyToNumber.ts
FN:1,anyToNumber
FNF:1
FNH:1
FNDA:33,anyToNumber
DA:1,33
DA:2,33
DA:3,33
DA:4,26
DA:5,26
DA:6,33
DA:7,33
LF:7
LH:7
BRDA:1,0,0,33
BRDA:3,1,0,29
BRDA:3,2,0,26
BRDA:6,3,0,14
BRDA:6,4,0,19
BRF:5
BRH:5
end_of_record
TN:
SF:src/utils/anyToString.ts
FN:1,anyToString
FNF:1
FNH:1
FNDA:102,anyToString
DA:1,102
DA:2,102
DA:3,11
DA:4,102
DA:5,11
DA:6,11
DA:7,11
DA:8,11
DA:9,81
DA:10,81
LF:10
LH:10
BRDA:1,0,0,102
BRDA:2,1,0,97
BRDA:2,2,0,11
BRDA:4,3,0,91
BRDA:4,4,0,11
BRDA:7,5,0,1
BRDA:9,6,0,81
BRF:7
BRH:7
end_of_record
TN:
SF:src/utils/cssStyleToString.ts
FN:6,getStyleStr
FN:15,camelToKebab
FNF:2
FNH:2
FNDA:8,getStyleStr
FNDA:38,camelToKebab
DA:1,1
DA:2,1
DA:3,1
DA:4,1
DA:5,1
DA:6,8
DA:7,8
DA:8,8
DA:9,8
DA:10,8
DA:11,8
DA:12,8
DA:13,8
DA:14,1
DA:15,1
DA:16,1
LF:16
LH:16
BRDA:6,0,0,8
BRDA:10,1,0,38
BRDA:15,2,0,38
BRF:3
BRH:3
end_of_record
TN:
SF:src/utils/dayjs.ts
FN:12,parseDate
FNF:1
FNH:1
FNDA:10,parseDate
DA:1,1
DA:2,1
DA:3,1
DA:4,1
DA:5,1
DA:6,1
DA:7,1
DA:8,1
DA:9,1
DA:10,1
DA:11,1
DA:12,1
DA:13,10
DA:14,10
DA:15,10
DA:16,10
DA:17,10
DA:18,10
DA:19,10
DA:20,10
DA:21,10
DA:22,10
DA:23,10
DA:24,1
DA:25,1
LF:25
LH:25
BRDA:12,0,0,10
BRF:1
BRH:1
end_of_record
TN:
SF:src/utils/findTags.ts
FN:14,findTags
FNF:1
FNH:1
FNDA:7,findTags
DA:1,1
DA:2,1
DA:3,1
DA:4,1
DA:5,1
DA:6,1
DA:7,1
DA:8,1
DA:9,1
DA:10,1
DA:11,1
DA:12,1
DA:13,1
DA:14,7
DA:15,7
DA:16,7
DA:17,7
DA:18,7
DA:19,7
DA:20,7
DA:21,7
DA:22,7
DA:23,7
DA:24,7
DA:25,7
DA:26,7
DA:27,7
DA:28,7
DA:29,10
DA:30,2
DA:31,2
DA:32,10
DA:33,3
DA:34,3
DA:35,1
DA:36,1
DA:37,1
DA:38,0
DA:39,1
DA:40,1
DA:41,1
DA:42,1
DA:43,1
DA:44,2
DA:45,2
DA:46,3
DA:47,3
DA:48,3
DA:49,3
DA:50,8
DA:51,5
DA:52,5
DA:53,5
DA:54,5
DA:55,5
DA:56,5
DA:57,5
DA:58,10
DA:59,6
DA:60,6
DA:61,6
LF:61
LH:60
BRDA:14,0,0,7
BRDA:19,1,0,6
BRDA:20,2,0,1
BRDA:28,3,0,10
BRDA:29,4,0,2
BRDA:32,5,0,8
BRDA:32,6,0,3
BRDA:34,7,0,1
BRDA:37,8,0,0
BRDA:44,9,0,2
BRDA:46,10,0,0
BRDA:47,11,0,0
BRDA:50,12,0,5
BRDA:52,13,0,1
BRDA:53,14,0,1
BRDA:59,15,0,6
BRDA:20,16,0,2
BRF:17
BRH:14
end_of_record
TN:
SF:src/utils/jsonAsList.ts
FN:10,jsonAsList
FNF:1
FNH:1
FNDA:9,jsonAsList
DA:1,1
DA:2,1
DA:3,1
DA:4,1
DA:5,1
DA:6,1
DA:7,1
DA:8,1
DA:9,1
DA:10,9
DA:11,9
DA:12,9
DA:13,0
DA:14,0
DA:15,9
DA:16,9
DA:17,9
DA:18,9
DA:19,9
DA:20,4
DA:21,4
DA:22,9
DA:23,0
DA:24,0
DA:25,9
DA:26,9
DA:27,9
DA:28,9
DA:29,9
DA:30,9
DA:31,30
DA:32,1
DA:33,1
DA:34,29
DA:35,29
DA:36,29
DA:37,30
DA:38,30
DA:39,30
DA:40,30
DA:41,1
DA:42,1
DA:43,1
DA:44,30
DA:45,28
DA:46,28
DA:47,28
DA:48,29
DA:49,29
DA:50,29
DA:51,9
DA:52,9
DA:53,9
DA:54,9
LF:54
LH:50
BRDA:10,0,0,9
BRDA:12,1,0,0
BRDA:17,2,0,5
BRDA:17,3,0,4
BRDA:19,4,0,4
BRDA:22,5,0,0
BRDA:27,6,0,7
BRDA:27,7,0,6
BRDA:27,8,0,3
BRDA:53,9,0,8
BRDA:53,10,0,1
BRDA:30,11,0,30
BRDA:31,12,0,1
BRDA:34,13,0,29
BRDA:37,14,0,25
BRDA:37,15,0,4
BRDA:40,16,0,1
BRDA:44,17,0,28
BRDA:48,18,0,29
BRF:19
BRH:17
end_of_record
TN:
SF:src/utils/simpleHash.ts
FN:7,simpleHash
FNF:1
FNH:1
FNDA:4,simpleHash
DA:1,1
DA:2,1
DA:3,1
DA:4,1
DA:5,1
DA:6,1
DA:7,4
DA:8,4
DA:9,4
DA:10,1298
DA:11,1298
DA:12,1298
DA:13,1298
DA:14,4
DA:15,4
LF:15
LH:15
BRDA:7,0,0,4
BRDA:9,1,0,1298
BRF:2
BRH:2
end_of_record
TN:
SF:src/utils/toKeyValueArray.ts
FN:1,toKeyValueArray
FNF:1
FNH:1
FNDA:19,toKeyValueArray
DA:1,19
DA:2,19
DA:3,8
DA:4,8
DA:5,16
DA:6,1
DA:7,1
DA:8,11
DA:9,1
DA:10,1
DA:11,10
DA:12,6
DA:13,6
DA:14,9
DA:15,3
DA:16,3
DA:17,19
LF:17
LH:17
BRDA:1,0,0,19
BRDA:2,1,0,16
BRDA:2,2,0,8
BRDA:5,3,0,11
BRDA:5,4,0,1
BRDA:8,5,0,10
BRDA:8,6,0,1
BRDA:11,7,0,9
BRDA:11,8,0,7
BRDA:11,9,0,6
BRDA:14,10,0,3
BRDA:4,11,0,18
BRDA:7,12,0,3
BRF:13
BRH:13
end_of_record
TN:
SF:src/utils/toTitleCase.ts
FN:27,toTitleCase
FNF:1
FNH:1
FNDA:8,toTitleCase
DA:1,1
DA:2,1
DA:3,1
DA:4,1
DA:5,1
DA:6,1
DA:7,1
DA:8,1
DA:9,1
DA:10,1
DA:11,1
DA:12,1
DA:13,1
DA:14,1
DA:15,1
DA:16,1
DA:17,1
DA:18,1
DA:19,1
DA:20,1
DA:21,1
DA:22,1
DA:23,1
DA:24,1
DA:25,1
DA:26,1
DA:27,8
DA:28,8
DA:29,8
DA:30,8
DA:31,8
DA:32,8
DA:33,24
DA:34,24
DA:35,24
DA:36,21
DA:37,24
DA:38,3
DA:39,3
DA:40,24
DA:41,8
DA:42,8
LF:42
LH:42
BRDA:27,0,0,8
BRDA:32,1,0,24
BRDA:35,2,0,16
BRDA:35,3,0,21
BRDA:37,4,0,3
BRF:5
BRH:5
end_of_record
